<?xml version="1.0" encoding="UTF-8"?>
<!-- Generated by org.testng.reporters.JUnitReportReporter -->
<testsuite skipped="3" hostname="LAPTOP-J0IRR7B1" name="parallel.EdgeTest" tests="4" failures="0" timestamp="13 Jul 2023 21:04:07 GMT" time="3.081" errors="1">
  <testcase name="setUp" time="3.081" classname="parallel.EdgeTest">
    <error type="org.openqa.selenium.SessionNotCreatedException" message="session not created: This version of Microsoft Edge WebDriver only supports Microsoft Edge version 109
Current browser version is 114.0.1823.79 with binary path C:\Program Files (x86)\Microsoft\Edge\Application\msedge.exe
Build info: version: &#039;3.141.59&#039;, revision: &#039;e82be7d358&#039;, time: &#039;2018-11-14T08:17:03&#039;
System info: host: &#039;LAPTOP-J0IRR7B1&#039;, ip: &#039;192.168.0.95&#039;, os.name: &#039;Windows 10&#039;, os.arch: &#039;amd64&#039;, os.version: &#039;10.0&#039;, java.version: &#039;1.8.0_202&#039;
Driver info: driver.version: EdgeDriver
remote stacktrace: Backtrace:
	Microsoft::Applications::Events::EventProperties::SetProperty [0x00007FF612DE16C2+15186]
	Microsoft::Applications::Events::EventProperty::EventProperty [0x00007FF612D7A212+827554]
	(No symbol) [0x00007FF612A3ED90]
	(No symbol) [0x00007FF612A70231]
	(No symbol) [0x00007FF612A6AF6A]
	(No symbol) [0x00007FF612A660FC]
	(No symbol) [0x00007FF612AA9C56]
	(No symbol) [0x00007FF612AA1D23]
	(No symbol) [0x00007FF612A73B80]
	(No symbol) [0x00007FF612A72B0E]
	(No symbol) [0x00007FF612A74344]
	Microsoft::Applications::Events::EventProperties::SetProperty [0x00007FF612C5C3B0+182752]
	(No symbol) [0x00007FF612B30095]
	Microsoft::Applications::Events::EventProperty::EventProperty [0x00007FF612CBA6EA+42362]
	Microsoft::Applications::Events::EventProperty::EventProperty [0x00007FF612CBD425+53941]
	Microsoft::Applications::Events::ILogManager::DispatchEventBroadcast [0x00007FF612FD8AB3+1456595]
	Microsoft::Applications::Events::EventProperty::EventProperty [0x00007FF612D8276A+861690]
	Microsoft::Applications::Events::EventProperty::EventProperty [0x00007FF612D87854+882404]
	Microsoft::Applications::Events::EventProperty::EventProperty [0x00007FF612D879AC+882748]
	Microsoft::Applications::Events::EventProperty::EventProperty [0x00007FF612D9097E+919566]
	BaseThreadInitThunk [0x00007FFC47D07034+20]
	RtlUserThreadStart [0x00007FFC488226A1+33]
">
      <![CDATA[org.openqa.selenium.SessionNotCreatedException: session not created: This version of Microsoft Edge WebDriver only supports Microsoft Edge version 109
Current browser version is 114.0.1823.79 with binary path C:\Program Files (x86)\Microsoft\Edge\Application\msedge.exe
Build info: version: '3.141.59', revision: 'e82be7d358', time: '2018-11-14T08:17:03'
System info: host: 'LAPTOP-J0IRR7B1', ip: '192.168.0.95', os.name: 'Windows 10', os.arch: 'amd64', os.version: '10.0', java.version: '1.8.0_202'
Driver info: driver.version: EdgeDriver
remote stacktrace: Backtrace:
Microsoft::Applications::Events::EventProperties::SetProperty [0x00007FF612DE16C2+15186]
Microsoft::Applications::Events::EventProperty::EventProperty [0x00007FF612D7A212+827554]
(No symbol) [0x00007FF612A3ED90]
(No symbol) [0x00007FF612A70231]
(No symbol) [0x00007FF612A6AF6A]
(No symbol) [0x00007FF612A660FC]
(No symbol) [0x00007FF612AA9C56]
(No symbol) [0x00007FF612AA1D23]
(No symbol) [0x00007FF612A73B80]
(No symbol) [0x00007FF612A72B0E]
(No symbol) [0x00007FF612A74344]
Microsoft::Applications::Events::EventProperties::SetProperty [0x00007FF612C5C3B0+182752]
(No symbol) [0x00007FF612B30095]
Microsoft::Applications::Events::EventProperty::EventProperty [0x00007FF612CBA6EA+42362]
Microsoft::Applications::Events::EventProperty::EventProperty [0x00007FF612CBD425+53941]
Microsoft::Applications::Events::ILogManager::DispatchEventBroadcast [0x00007FF612FD8AB3+1456595]
Microsoft::Applications::Events::EventProperty::EventProperty [0x00007FF612D8276A+861690]
Microsoft::Applications::Events::EventProperty::EventProperty [0x00007FF612D87854+882404]
Microsoft::Applications::Events::EventProperty::EventProperty [0x00007FF612D879AC+882748]
Microsoft::Applications::Events::EventProperty::EventProperty [0x00007FF612D9097E+919566]
BaseThreadInitThunk [0x00007FFC47D07034+20]
RtlUserThreadStart [0x00007FFC488226A1+33]

at sun.reflect.NativeConstructorAccessorImpl.newInstance0(Native Method)
at sun.reflect.NativeConstructorAccessorImpl.newInstance(NativeConstructorAccessorImpl.java:62)
at sun.reflect.DelegatingConstructorAccessorImpl.newInstance(DelegatingConstructorAccessorImpl.java:45)
at java.lang.reflect.Constructor.newInstance(Constructor.java:423)
at org.openqa.selenium.remote.W3CHandshakeResponse.lambda$errorHandler$0(W3CHandshakeResponse.java:62)
at org.openqa.selenium.remote.HandshakeResponse.lambda$getResponseFunction$0(HandshakeResponse.java:30)
at org.openqa.selenium.remote.ProtocolHandshake.lambda$createSession$0(ProtocolHandshake.java:126)
at java.util.stream.ReferencePipeline$3$1.accept(ReferencePipeline.java:193)
at java.util.Spliterators$ArraySpliterator.tryAdvance(Spliterators.java:958)
at java.util.stream.ReferencePipeline.forEachWithCancel(ReferencePipeline.java:126)
at java.util.stream.AbstractPipeline.copyIntoWithCancel(AbstractPipeline.java:498)
at java.util.stream.AbstractPipeline.copyInto(AbstractPipeline.java:485)
at java.util.stream.AbstractPipeline.wrapAndCopyInto(AbstractPipeline.java:471)
at java.util.stream.FindOps$FindOp.evaluateSequential(FindOps.java:152)
at java.util.stream.AbstractPipeline.evaluate(AbstractPipeline.java:234)
at java.util.stream.ReferencePipeline.findFirst(ReferencePipeline.java:464)
at org.openqa.selenium.remote.ProtocolHandshake.createSession(ProtocolHandshake.java:128)
at org.openqa.selenium.remote.ProtocolHandshake.createSession(ProtocolHandshake.java:74)
at org.openqa.selenium.remote.HttpCommandExecutor.execute(HttpCommandExecutor.java:136)
at org.openqa.selenium.remote.service.DriverCommandExecutor.execute(DriverCommandExecutor.java:83)
at org.openqa.selenium.remote.RemoteWebDriver.execute(RemoteWebDriver.java:552)
at org.openqa.selenium.remote.RemoteWebDriver.startSession(RemoteWebDriver.java:213)
at org.openqa.selenium.remote.RemoteWebDriver.<init>(RemoteWebDriver.java:131)
at org.openqa.selenium.edge.EdgeDriver.<init>(EdgeDriver.java:141)
at org.openqa.selenium.edge.EdgeDriver.<init>(EdgeDriver.java:96)
at parallel.EdgeTest.setUp(EdgeTest.java:22)
at sun.reflect.NativeMethodAccessorImpl.invoke0(Native Method)
at sun.reflect.NativeMethodAccessorImpl.invoke(NativeMethodAccessorImpl.java:62)
at sun.reflect.DelegatingMethodAccessorImpl.invoke(DelegatingMethodAccessorImpl.java:43)
at java.lang.reflect.Method.invoke(Method.java:498)
at org.testng.internal.MethodInvocationHelper.invokeMethod(MethodInvocationHelper.java:124)
at org.testng.internal.MethodInvocationHelper.invokeMethodConsideringTimeout(MethodInvocationHelper.java:59)
at org.testng.internal.Invoker.invokeConfigurationMethod(Invoker.java:458)
at org.testng.internal.Invoker.invokeConfigurations(Invoker.java:222)
at org.testng.internal.Invoker.invokeConfigurations(Invoker.java:142)
at org.testng.TestRunner.beforeRun(TestRunner.java:529)
at org.testng.TestRunner.run(TestRunner.java:497)
at org.testng.SuiteRunner.runTest(SuiteRunner.java:455)
at org.testng.SuiteRunner.runSequentially(SuiteRunner.java:450)
at org.testng.SuiteRunner.privateRun(SuiteRunner.java:415)
at org.testng.SuiteRunner.run(SuiteRunner.java:364)
at org.testng.SuiteRunnerWorker.runSuite(SuiteRunnerWorker.java:52)
at org.testng.SuiteRunnerWorker.run(SuiteRunnerWorker.java:84)
at org.testng.TestNG.runSuitesSequentially(TestNG.java:1208)
at org.testng.TestNG.runSuitesLocally(TestNG.java:1137)
at org.testng.TestNG.runSuites(TestNG.java:1049)
at org.testng.TestNG.run(TestNG.java:1017)
at org.testng.remote.AbstractRemoteTestNG.run(AbstractRemoteTestNG.java:115)
at org.testng.remote.RemoteTestNG.initAndRun(RemoteTestNG.java:251)
at org.testng.remote.RemoteTestNG.main(RemoteTestNG.java:77)
]]>
    </error>
  </testcase> <!-- setUp -->
  <testcase name="testTitle" time="0.000" classname="parallel.EdgeTest">
    <skipped/>
  </testcase> <!-- testTitle -->
  <testcase name="clickOffers" time="0.000" classname="parallel.EdgeTest">
    <skipped/>
  </testcase> <!-- clickOffers -->
  <testcase name="clickOrders" time="0.000" classname="parallel.EdgeTest">
    <skipped/>
  </testcase> <!-- clickOrders -->
</testsuite> <!-- parallel.EdgeTest -->
