<?xml version="1.0" encoding="UTF-8"?>
<!-- Generated by org.testng.reporters.JUnitXMLReporter -->
<testsuite hostname="LAPTOP-J0IRR7B1" ignored="0" name="Parallel Test" tests="9" failures="0" timestamp="13 Jul 2023 21:04:07 GMT" time="6.728" errors="0">
  <testcase name="@BeforeTest setUp" time="3.081" classname="parallel.EdgeTest">
    <failure type="org.openqa.selenium.SessionNotCreatedException" message="session not created: This version of Microsoft Edge WebDriver only supports Microsoft Edge version 109
Current browser version is 114.0.1823.79 with binary path C:\Program Files (x86)\Microsoft\Edge\Application\msedge.exe
Build info: version: &amp;apos;3.141.59&amp;apos;, revision: &amp;apos;e82be7d358&amp;apos;, time: &amp;apos;2018-11-14T08:17:03&amp;apos;
System info: host: &amp;apos;LAPTOP-J0IRR7B1&amp;apos;, ip: &amp;apos;192.168.0.95&amp;apos;, os.name: &amp;apos;Windows 10&amp;apos;, os.arch: &amp;apos;amd64&amp;apos;, os.version: &amp;apos;10.0&amp;apos;, java.version: &amp;apos;1.8.0_202&amp;apos;
Driver info: driver.version: EdgeDriver
remote stacktrace: Backtrace:
	Microsoft::Applications::Events::EventProperties::SetProperty [0x00007FF612DE16C2+15186]
	Microsoft::Applications::Events::EventProperty::EventProperty [0x00007FF612D7A212+827554]
	(No symbol) [0x00007FF612A3ED90]
	(No symbol) [0x00007FF612A70231]
	(No symbol) [0x00007FF612A6AF6A]
	(No symbol) [0x00007FF612A660FC]
	(No symbol) [0x00007FF612AA9C56]
	(No symbol) [0x00007FF612AA1D23]
	(No symbol) [0x00007FF612A73B80]
	(No symbol) [0x00007FF612A72B0E]
	(No symbol) [0x00007FF612A74344]
	Microsoft::Applications::Events::EventProperties::SetProperty [0x00007FF612C5C3B0+182752]
	(No symbol) [0x00007FF612B30095]
	Microsoft::Applications::Events::EventProperty::EventProperty [0x00007FF612CBA6EA+42362]
	Microsoft::Applications::Events::EventProperty::EventProperty [0x00007FF612CBD425+53941]
	Microsoft::Applications::Events::ILogManager::DispatchEventBroadcast [0x00007FF612FD8AB3+1456595]
	Microsoft::Applications::Events::EventProperty::EventProperty [0x00007FF612D8276A+861690]
	Microsoft::Applications::Events::EventProperty::EventProperty [0x00007FF612D87854+882404]
	Microsoft::Applications::Events::EventProperty::EventProperty [0x00007FF612D879AC+882748]
	Microsoft::Applications::Events::EventProperty::EventProperty [0x00007FF612D9097E+919566]
	BaseThreadInitThunk [0x00007FFC47D07034+20]
	RtlUserThreadStart [0x00007FFC488226A1+33]
">
      <![CDATA[org.openqa.selenium.SessionNotCreatedException: session not created: This version of Microsoft Edge WebDriver only supports Microsoft Edge version 109
Current browser version is 114.0.1823.79 with binary path C:\Program Files (x86)\Microsoft\Edge\Application\msedge.exe
Build info: version: '3.141.59', revision: 'e82be7d358', time: '2018-11-14T08:17:03'
System info: host: 'LAPTOP-J0IRR7B1', ip: '192.168.0.95', os.name: 'Windows 10', os.arch: 'amd64', os.version: '10.0', java.version: '1.8.0_202'
Driver info: driver.version: EdgeDriver
remote stacktrace: Backtrace:
Microsoft::Applications::Events::EventProperties::SetProperty [0x00007FF612DE16C2+15186]
Microsoft::Applications::Events::EventProperty::EventProperty [0x00007FF612D7A212+827554]
(No symbol) [0x00007FF612A3ED90]
(No symbol) [0x00007FF612A70231]
(No symbol) [0x00007FF612A6AF6A]
(No symbol) [0x00007FF612A660FC]
(No symbol) [0x00007FF612AA9C56]
(No symbol) [0x00007FF612AA1D23]
(No symbol) [0x00007FF612A73B80]
(No symbol) [0x00007FF612A72B0E]
(No symbol) [0x00007FF612A74344]
Microsoft::Applications::Events::EventProperties::SetProperty [0x00007FF612C5C3B0+182752]
(No symbol) [0x00007FF612B30095]
Microsoft::Applications::Events::EventProperty::EventProperty [0x00007FF612CBA6EA+42362]
Microsoft::Applications::Events::EventProperty::EventProperty [0x00007FF612CBD425+53941]
Microsoft::Applications::Events::ILogManager::DispatchEventBroadcast [0x00007FF612FD8AB3+1456595]
Microsoft::Applications::Events::EventProperty::EventProperty [0x00007FF612D8276A+861690]
Microsoft::Applications::Events::EventProperty::EventProperty [0x00007FF612D87854+882404]
Microsoft::Applications::Events::EventProperty::EventProperty [0x00007FF612D879AC+882748]
Microsoft::Applications::Events::EventProperty::EventProperty [0x00007FF612D9097E+919566]
BaseThreadInitThunk [0x00007FFC47D07034+20]
RtlUserThreadStart [0x00007FFC488226A1+33]

at org.openqa.selenium.remote.W3CHandshakeResponse.lambda$errorHandler$0(W3CHandshakeResponse.java:62)
at org.openqa.selenium.remote.HandshakeResponse.lambda$getResponseFunction$0(HandshakeResponse.java:30)
at org.openqa.selenium.remote.ProtocolHandshake.lambda$createSession$0(ProtocolHandshake.java:126)
at java.util.stream.ReferencePipeline$3$1.accept(ReferencePipeline.java:193)
at java.util.Spliterators$ArraySpliterator.tryAdvance(Spliterators.java:958)
at java.util.stream.ReferencePipeline.forEachWithCancel(ReferencePipeline.java:126)
at java.util.stream.AbstractPipeline.copyIntoWithCancel(AbstractPipeline.java:498)
at java.util.stream.AbstractPipeline.copyInto(AbstractPipeline.java:485)
at java.util.stream.AbstractPipeline.wrapAndCopyInto(AbstractPipeline.java:471)
at java.util.stream.FindOps$FindOp.evaluateSequential(FindOps.java:152)
at java.util.stream.AbstractPipeline.evaluate(AbstractPipeline.java:234)
at java.util.stream.ReferencePipeline.findFirst(ReferencePipeline.java:464)
at org.openqa.selenium.remote.ProtocolHandshake.createSession(ProtocolHandshake.java:128)
at org.openqa.selenium.remote.ProtocolHandshake.createSession(ProtocolHandshake.java:74)
at org.openqa.selenium.remote.HttpCommandExecutor.execute(HttpCommandExecutor.java:136)
at org.openqa.selenium.remote.service.DriverCommandExecutor.execute(DriverCommandExecutor.java:83)
at org.openqa.selenium.remote.RemoteWebDriver.execute(RemoteWebDriver.java:552)
at org.openqa.selenium.remote.RemoteWebDriver.startSession(RemoteWebDriver.java:213)
at org.openqa.selenium.remote.RemoteWebDriver.<init>(RemoteWebDriver.java:131)
at org.openqa.selenium.edge.EdgeDriver.<init>(EdgeDriver.java:141)
at org.openqa.selenium.edge.EdgeDriver.<init>(EdgeDriver.java:96)
at parallel.EdgeTest.setUp(EdgeTest.java:22)
... Removed 28 stack frames]]>
    </failure>
  </testcase> <!-- @BeforeTest setUp -->
  <testcase name="@BeforeTest setUp" time="0.0" classname="parallel.FirefoxTest">
    <skipped/>
  </testcase> <!-- @BeforeTest setUp -->
  <testcase name="@AfterTest tearDown" time="0.0" classname="parallel.ChromeTest">
    <skipped/>
  </testcase> <!-- @AfterTest tearDown -->
  <testcase name="@AfterTest tearDown" time="0.0" classname="parallel.EdgeTest">
    <skipped/>
  </testcase> <!-- @AfterTest tearDown -->
  <testcase name="@AfterTest tearDown" time="0.0" classname="parallel.FirefoxTest">
    <skipped/>
  </testcase> <!-- @AfterTest tearDown -->
  <testcase name="testTitle" time="0.0" classname="parallel.FirefoxTest">
    <skipped/>
  </testcase> <!-- testTitle -->
  <testcase name="testTitle" time="0.0" classname="parallel.ChromeTest">
    <skipped/>
  </testcase> <!-- testTitle -->
  <testcase name="testTitle" time="0.0" classname="parallel.EdgeTest">
    <skipped/>
  </testcase> <!-- testTitle -->
  <testcase name="clickOffers" time="0.0" classname="parallel.FirefoxTest">
    <skipped/>
  </testcase> <!-- clickOffers -->
  <testcase name="clickOffers" time="0.0" classname="parallel.ChromeTest">
    <skipped/>
  </testcase> <!-- clickOffers -->
  <testcase name="clickOffers" time="0.0" classname="parallel.EdgeTest">
    <skipped/>
  </testcase> <!-- clickOffers -->
  <testcase name="clickOrders" time="0.0" classname="parallel.FirefoxTest">
    <skipped/>
  </testcase> <!-- clickOrders -->
  <testcase name="clickOrders" time="0.0" classname="parallel.ChromeTest">
    <skipped/>
  </testcase> <!-- clickOrders -->
  <testcase name="clickOrders" time="0.0" classname="parallel.EdgeTest">
    <skipped/>
  </testcase> <!-- clickOrders -->
</testsuite> <!-- Parallel Test -->
