<html>
<head>
<title>TestNG:  Parallel Test</title>
<link href="../testng.css" rel="stylesheet" type="text/css" />
<link href="../my-testng.css" rel="stylesheet" type="text/css" />

<style type="text/css">
.log { display: none;} 
.stack-trace { display: none;} 
</style>
<script type="text/javascript">
<!--
function flip(e) {
  current = e.style.display;
  if (current == 'block') {
    e.style.display = 'none';
    return 0;
  }
  else {
    e.style.display = 'block';
    return 1;
  }
}

function toggleBox(szDivId, elem, msg1, msg2)
{
  var res = -1;  if (document.getElementById) {
    res = flip(document.getElementById(szDivId));
  }
  else if (document.all) {
    // this is the way old msie versions work
    res = flip(document.all[szDivId]);
  }
  if(elem) {
    if(res == 0) elem.innerHTML = msg1; else elem.innerHTML = msg2;
  }

}

function toggleAllBoxes() {
  if (document.getElementsByTagName) {
    d = document.getElementsByTagName('div');
    for (i = 0; i < d.length; i++) {
      if (d[i].className == 'log') {
        flip(d[i]);
      }
    }
  }
}

// -->
</script>

</head>
<body>
<h2 align='center'>Parallel Test</h2><table border='1' align="center">
<tr>
<td>Tests passed/Failed/Skipped:</td><td>0/0/9</td>
</tr><tr>
<td>Started on:</td><td>Thu Jul 13 22:04:00 BST 2023</td>
</tr>
<tr><td>Total time:</td><td>6 seconds (6728 ms)</td>
</tr><tr>
<td>Included groups:</td><td></td>
</tr><tr>
<td>Excluded groups:</td><td></td>
</tr>
</table><p/>
<small><i>(Hover the method name to see the test class name)</i></small><p/>
<table width='100%' border='1' class='invocation-failed'>
<tr><td colspan='4' align='center'><b>FAILED CONFIGURATIONS</b></td></tr>
<tr><td><b>Test method</b></td>
<td width="30%"><b>Exception</b></td>
<td width="10%"><b>Time (seconds)</b></td>
<td><b>Instance</b></td>
</tr>
<tr>
<td title='parallel.ChromeTest.setUp()'><b>setUp</b><br>Test class: parallel.ChromeTest</td>
<td><div><pre>org.openqa.selenium.SessionNotCreatedException: session not created: This version of Microsoft Edge WebDriver only supports Microsoft Edge version 109
Current browser version is 114.0.1823.79 with binary path C:\Program Files (x86)\Microsoft\Edge\Application\msedge.exe
Build info: version: &apos;3.141.59&apos;, revision: &apos;e82be7d358&apos;, time: &apos;2018-11-14T08:17:03&apos;
System info: host: &apos;LAPTOP-J0IRR7B1&apos;, ip: &apos;192.168.0.95&apos;, os.name: &apos;Windows 10&apos;, os.arch: &apos;amd64&apos;, os.version: &apos;10.0&apos;, java.version: &apos;1.8.0_202&apos;
Driver info: driver.version: EdgeDriver
remote stacktrace: Backtrace:
	Microsoft::Applications::Events::EventProperties::SetProperty [0x00007FF612DE16C2+15186]
	Microsoft::Applications::Events::EventProperty::EventProperty [0x00007FF612D7A212+827554]
	(No symbol) [0x00007FF612A3ED90]
	(No symbol) [0x00007FF612A70231]
	(No symbol) [0x00007FF612A6AF6A]
	(No symbol) [0x00007FF612A660FC]
	(No symbol) [0x00007FF612AA9C56]
	(No symbol) [0x00007FF612AA1D23]
	(No symbol) [0x00007FF612A73B80]
	(No symbol) [0x00007FF612A72B0E]
	(No symbol) [0x00007FF612A74344]
	Microsoft::Applications::Events::EventProperties::SetProperty [0x00007FF612C5C3B0+182752]
	(No symbol) [0x00007FF612B30095]
	Microsoft::Applications::Events::EventProperty::EventProperty [0x00007FF612CBA6EA+42362]
	Microsoft::Applications::Events::EventProperty::EventProperty [0x00007FF612CBD425+53941]
	Microsoft::Applications::Events::ILogManager::DispatchEventBroadcast [0x00007FF612FD8AB3+1456595]
	Microsoft::Applications::Events::EventProperty::EventProperty [0x00007FF612D8276A+861690]
	Microsoft::Applications::Events::EventProperty::EventProperty [0x00007FF612D87854+882404]
	Microsoft::Applications::Events::EventProperty::EventProperty [0x00007FF612D879AC+882748]
	Microsoft::Applications::Events::EventProperty::EventProperty [0x00007FF612D9097E+919566]
	BaseThreadInitThunk [0x00007FFC47D07034+20]
	RtlUserThreadStart [0x00007FFC488226A1+33]

	at org.openqa.selenium.remote.W3CHandshakeResponse.lambda$errorHandler$0(W3CHandshakeResponse.java:62)
	at org.openqa.selenium.remote.HandshakeResponse.lambda$getResponseFunction$0(HandshakeResponse.java:30)
	at org.openqa.selenium.remote.ProtocolHandshake.lambda$createSession$0(ProtocolHandshake.java:126)
	at java.util.stream.ReferencePipeline$3$1.accept(ReferencePipeline.java:193)
	at java.util.Spliterators$ArraySpliterator.tryAdvance(Spliterators.java:958)
	at java.util.stream.ReferencePipeline.forEachWithCancel(ReferencePipeline.java:126)
	at java.util.stream.AbstractPipeline.copyIntoWithCancel(AbstractPipeline.java:498)
	at java.util.stream.AbstractPipeline.copyInto(AbstractPipeline.java:485)
	at java.util.stream.AbstractPipeline.wrapAndCopyInto(AbstractPipeline.java:471)
	at java.util.stream.FindOps$FindOp.evaluateSequential(FindOps.java:152)
	at java.util.stream.AbstractPipeline.evaluate(AbstractPipeline.java:234)
	at java.util.stream.ReferencePipeline.findFirst(ReferencePipeline.java:464)
	at org.openqa.selenium.remote.ProtocolHandshake.createSession(ProtocolHandshake.java:128)
	at org.openqa.selenium.remote.ProtocolHandshake.createSession(ProtocolHandshake.java:74)
	at org.openqa.selenium.remote.HttpCommandExecutor.execute(HttpCommandExecutor.java:136)
	at org.openqa.selenium.remote.service.DriverCommandExecutor.execute(DriverCommandExecutor.java:83)
	at org.openqa.selenium.remote.RemoteWebDriver.execute(RemoteWebDriver.java:552)
	at org.openqa.selenium.remote.RemoteWebDriver.startSession(RemoteWebDriver.java:213)
	at org.openqa.selenium.remote.RemoteWebDriver.&lt;init&gt;(RemoteWebDriver.java:131)
	at org.openqa.selenium.edge.EdgeDriver.&lt;init&gt;(EdgeDriver.java:141)
	at org.openqa.selenium.edge.EdgeDriver.&lt;init&gt;(EdgeDriver.java:96)
	at parallel.EdgeTest.setUp(EdgeTest.java:22)
... Removed 28 stack frames</pre></div><a href='#' onClick='toggleBox("stack-trace1943634922", this, "Click to show all stack frames", "Click to hide stack frames")'>Click to show all stack frames</a>
<div class='stack-trace' id='stack-trace1943634922'><pre>org.openqa.selenium.SessionNotCreatedException: session not created: This version of Microsoft Edge WebDriver only supports Microsoft Edge version 109
Current browser version is 114.0.1823.79 with binary path C:\Program Files (x86)\Microsoft\Edge\Application\msedge.exe
Build info: version: &apos;3.141.59&apos;, revision: &apos;e82be7d358&apos;, time: &apos;2018-11-14T08:17:03&apos;
System info: host: &apos;LAPTOP-J0IRR7B1&apos;, ip: &apos;192.168.0.95&apos;, os.name: &apos;Windows 10&apos;, os.arch: &apos;amd64&apos;, os.version: &apos;10.0&apos;, java.version: &apos;1.8.0_202&apos;
Driver info: driver.version: EdgeDriver
remote stacktrace: Backtrace:
	Microsoft::Applications::Events::EventProperties::SetProperty [0x00007FF612DE16C2+15186]
	Microsoft::Applications::Events::EventProperty::EventProperty [0x00007FF612D7A212+827554]
	(No symbol) [0x00007FF612A3ED90]
	(No symbol) [0x00007FF612A70231]
	(No symbol) [0x00007FF612A6AF6A]
	(No symbol) [0x00007FF612A660FC]
	(No symbol) [0x00007FF612AA9C56]
	(No symbol) [0x00007FF612AA1D23]
	(No symbol) [0x00007FF612A73B80]
	(No symbol) [0x00007FF612A72B0E]
	(No symbol) [0x00007FF612A74344]
	Microsoft::Applications::Events::EventProperties::SetProperty [0x00007FF612C5C3B0+182752]
	(No symbol) [0x00007FF612B30095]
	Microsoft::Applications::Events::EventProperty::EventProperty [0x00007FF612CBA6EA+42362]
	Microsoft::Applications::Events::EventProperty::EventProperty [0x00007FF612CBD425+53941]
	Microsoft::Applications::Events::ILogManager::DispatchEventBroadcast [0x00007FF612FD8AB3+1456595]
	Microsoft::Applications::Events::EventProperty::EventProperty [0x00007FF612D8276A+861690]
	Microsoft::Applications::Events::EventProperty::EventProperty [0x00007FF612D87854+882404]
	Microsoft::Applications::Events::EventProperty::EventProperty [0x00007FF612D879AC+882748]
	Microsoft::Applications::Events::EventProperty::EventProperty [0x00007FF612D9097E+919566]
	BaseThreadInitThunk [0x00007FFC47D07034+20]
	RtlUserThreadStart [0x00007FFC488226A1+33]

	at sun.reflect.NativeConstructorAccessorImpl.newInstance0(Native Method)
	at sun.reflect.NativeConstructorAccessorImpl.newInstance(NativeConstructorAccessorImpl.java:62)
	at sun.reflect.DelegatingConstructorAccessorImpl.newInstance(DelegatingConstructorAccessorImpl.java:45)
	at java.lang.reflect.Constructor.newInstance(Constructor.java:423)
	at org.openqa.selenium.remote.W3CHandshakeResponse.lambda$errorHandler$0(W3CHandshakeResponse.java:62)
	at org.openqa.selenium.remote.HandshakeResponse.lambda$getResponseFunction$0(HandshakeResponse.java:30)
	at org.openqa.selenium.remote.ProtocolHandshake.lambda$createSession$0(ProtocolHandshake.java:126)
	at java.util.stream.ReferencePipeline$3$1.accept(ReferencePipeline.java:193)
	at java.util.Spliterators$ArraySpliterator.tryAdvance(Spliterators.java:958)
	at java.util.stream.ReferencePipeline.forEachWithCancel(ReferencePipeline.java:126)
	at java.util.stream.AbstractPipeline.copyIntoWithCancel(AbstractPipeline.java:498)
	at java.util.stream.AbstractPipeline.copyInto(AbstractPipeline.java:485)
	at java.util.stream.AbstractPipeline.wrapAndCopyInto(AbstractPipeline.java:471)
	at java.util.stream.FindOps$FindOp.evaluateSequential(FindOps.java:152)
	at java.util.stream.AbstractPipeline.evaluate(AbstractPipeline.java:234)
	at java.util.stream.ReferencePipeline.findFirst(ReferencePipeline.java:464)
	at org.openqa.selenium.remote.ProtocolHandshake.createSession(ProtocolHandshake.java:128)
	at org.openqa.selenium.remote.ProtocolHandshake.createSession(ProtocolHandshake.java:74)
	at org.openqa.selenium.remote.HttpCommandExecutor.execute(HttpCommandExecutor.java:136)
	at org.openqa.selenium.remote.service.DriverCommandExecutor.execute(DriverCommandExecutor.java:83)
	at org.openqa.selenium.remote.RemoteWebDriver.execute(RemoteWebDriver.java:552)
	at org.openqa.selenium.remote.RemoteWebDriver.startSession(RemoteWebDriver.java:213)
	at org.openqa.selenium.remote.RemoteWebDriver.&lt;init&gt;(RemoteWebDriver.java:131)
	at org.openqa.selenium.edge.EdgeDriver.&lt;init&gt;(EdgeDriver.java:141)
	at org.openqa.selenium.edge.EdgeDriver.&lt;init&gt;(EdgeDriver.java:96)
	at parallel.EdgeTest.setUp(EdgeTest.java:22)
	at sun.reflect.NativeMethodAccessorImpl.invoke0(Native Method)
	at sun.reflect.NativeMethodAccessorImpl.invoke(NativeMethodAccessorImpl.java:62)
	at sun.reflect.DelegatingMethodAccessorImpl.invoke(DelegatingMethodAccessorImpl.java:43)
	at java.lang.reflect.Method.invoke(Method.java:498)
	at org.testng.internal.MethodInvocationHelper.invokeMethod(MethodInvocationHelper.java:124)
	at org.testng.internal.MethodInvocationHelper.invokeMethodConsideringTimeout(MethodInvocationHelper.java:59)
	at org.testng.internal.Invoker.invokeConfigurationMethod(Invoker.java:458)
	at org.testng.internal.Invoker.invokeConfigurations(Invoker.java:222)
	at org.testng.internal.Invoker.invokeConfigurations(Invoker.java:142)
	at org.testng.TestRunner.beforeRun(TestRunner.java:529)
	at org.testng.TestRunner.run(TestRunner.java:497)
	at org.testng.SuiteRunner.runTest(SuiteRunner.java:455)
	at org.testng.SuiteRunner.runSequentially(SuiteRunner.java:450)
	at org.testng.SuiteRunner.privateRun(SuiteRunner.java:415)
	at org.testng.SuiteRunner.run(SuiteRunner.java:364)
	at org.testng.SuiteRunnerWorker.runSuite(SuiteRunnerWorker.java:52)
	at org.testng.SuiteRunnerWorker.run(SuiteRunnerWorker.java:84)
	at org.testng.TestNG.runSuitesSequentially(TestNG.java:1208)
	at org.testng.TestNG.runSuitesLocally(TestNG.java:1137)
	at org.testng.TestNG.runSuites(TestNG.java:1049)
	at org.testng.TestNG.run(TestNG.java:1017)
	at org.testng.remote.AbstractRemoteTestNG.run(AbstractRemoteTestNG.java:115)
	at org.testng.remote.RemoteTestNG.initAndRun(RemoteTestNG.java:251)
	at org.testng.remote.RemoteTestNG.main(RemoteTestNG.java:77)
</pre></div></td>
<td>3</td>
<td>parallel.EdgeTest@25bbe1b6</td></tr>
</table><p>
<table width='100%' border='1' class='invocation-skipped'>
<tr><td colspan='4' align='center'><b>SKIPPED CONFIGURATIONS</b></td></tr>
<tr><td><b>Test method</b></td>
<td width="30%"><b>Exception</b></td>
<td width="10%"><b>Time (seconds)</b></td>
<td><b>Instance</b></td>
</tr>
<tr>
<td title='parallel.ChromeTest.setUp()'><b>setUp</b><br>Test class: parallel.ChromeTest</td>
<td></td>
<td>0</td>
<td>parallel.FirefoxTest@ff5b51f</td></tr>
<tr>
<td title='parallel.ChromeTest.tearDown()'><b>tearDown</b><br>Test class: parallel.ChromeTest</td>
<td></td>
<td>0</td>
<td>parallel.ChromeTest@1ed4004b</td></tr>
<tr>
<td title='parallel.ChromeTest.tearDown()'><b>tearDown</b><br>Test class: parallel.ChromeTest</td>
<td></td>
<td>0</td>
<td>parallel.EdgeTest@25bbe1b6</td></tr>
<tr>
<td title='parallel.ChromeTest.tearDown()'><b>tearDown</b><br>Test class: parallel.ChromeTest</td>
<td></td>
<td>0</td>
<td>parallel.FirefoxTest@ff5b51f</td></tr>
</table><p>
<table width='100%' border='1' class='invocation-skipped'>
<tr><td colspan='4' align='center'><b>SKIPPED TESTS</b></td></tr>
<tr><td><b>Test method</b></td>
<td width="30%"><b>Exception</b></td>
<td width="10%"><b>Time (seconds)</b></td>
<td><b>Instance</b></td>
</tr>
<tr>
<td title='parallel.FirefoxTest.clickOffers()'><b>clickOffers</b><br>Test class: parallel.FirefoxTest</td>
<td><div><pre>org.openqa.selenium.SessionNotCreatedException: session not created: This version of Microsoft Edge WebDriver only supports Microsoft Edge version 109
Current browser version is 114.0.1823.79 with binary path C:\Program Files (x86)\Microsoft\Edge\Application\msedge.exe
Build info: version: &apos;3.141.59&apos;, revision: &apos;e82be7d358&apos;, time: &apos;2018-11-14T08:17:03&apos;
System info: host: &apos;LAPTOP-J0IRR7B1&apos;, ip: &apos;192.168.0.95&apos;, os.name: &apos;Windows 10&apos;, os.arch: &apos;amd64&apos;, os.version: &apos;10.0&apos;, java.version: &apos;1.8.0_202&apos;
Driver info: driver.version: EdgeDriver
remote stacktrace: Backtrace:
	Microsoft::Applications::Events::EventProperties::SetProperty [0x00007FF612DE16C2+15186]
	Microsoft::Applications::Events::EventProperty::EventProperty [0x00007FF612D7A212+827554]
	(No symbol) [0x00007FF612A3ED90]
	(No symbol) [0x00007FF612A70231]
	(No symbol) [0x00007FF612A6AF6A]
	(No symbol) [0x00007FF612A660FC]
	(No symbol) [0x00007FF612AA9C56]
	(No symbol) [0x00007FF612AA1D23]
	(No symbol) [0x00007FF612A73B80]
	(No symbol) [0x00007FF612A72B0E]
	(No symbol) [0x00007FF612A74344]
	Microsoft::Applications::Events::EventProperties::SetProperty [0x00007FF612C5C3B0+182752]
	(No symbol) [0x00007FF612B30095]
	Microsoft::Applications::Events::EventProperty::EventProperty [0x00007FF612CBA6EA+42362]
	Microsoft::Applications::Events::EventProperty::EventProperty [0x00007FF612CBD425+53941]
	Microsoft::Applications::Events::ILogManager::DispatchEventBroadcast [0x00007FF612FD8AB3+1456595]
	Microsoft::Applications::Events::EventProperty::EventProperty [0x00007FF612D8276A+861690]
	Microsoft::Applications::Events::EventProperty::EventProperty [0x00007FF612D87854+882404]
	Microsoft::Applications::Events::EventProperty::EventProperty [0x00007FF612D879AC+882748]
	Microsoft::Applications::Events::EventProperty::EventProperty [0x00007FF612D9097E+919566]
	BaseThreadInitThunk [0x00007FFC47D07034+20]
	RtlUserThreadStart [0x00007FFC488226A1+33]

	at org.openqa.selenium.remote.W3CHandshakeResponse.lambda$errorHandler$0(W3CHandshakeResponse.java:62)
	at org.openqa.selenium.remote.HandshakeResponse.lambda$getResponseFunction$0(HandshakeResponse.java:30)
	at org.openqa.selenium.remote.ProtocolHandshake.lambda$createSession$0(ProtocolHandshake.java:126)
	at java.util.stream.ReferencePipeline$3$1.accept(ReferencePipeline.java:193)
	at java.util.Spliterators$ArraySpliterator.tryAdvance(Spliterators.java:958)
	at java.util.stream.ReferencePipeline.forEachWithCancel(ReferencePipeline.java:126)
	at java.util.stream.AbstractPipeline.copyIntoWithCancel(AbstractPipeline.java:498)
	at java.util.stream.AbstractPipeline.copyInto(AbstractPipeline.java:485)
	at java.util.stream.AbstractPipeline.wrapAndCopyInto(AbstractPipeline.java:471)
	at java.util.stream.FindOps$FindOp.evaluateSequential(FindOps.java:152)
	at java.util.stream.AbstractPipeline.evaluate(AbstractPipeline.java:234)
	at java.util.stream.ReferencePipeline.findFirst(ReferencePipeline.java:464)
	at org.openqa.selenium.remote.ProtocolHandshake.createSession(ProtocolHandshake.java:128)
	at org.openqa.selenium.remote.ProtocolHandshake.createSession(ProtocolHandshake.java:74)
	at org.openqa.selenium.remote.HttpCommandExecutor.execute(HttpCommandExecutor.java:136)
	at org.openqa.selenium.remote.service.DriverCommandExecutor.execute(DriverCommandExecutor.java:83)
	at org.openqa.selenium.remote.RemoteWebDriver.execute(RemoteWebDriver.java:552)
	at org.openqa.selenium.remote.RemoteWebDriver.startSession(RemoteWebDriver.java:213)
	at org.openqa.selenium.remote.RemoteWebDriver.&lt;init&gt;(RemoteWebDriver.java:131)
	at org.openqa.selenium.edge.EdgeDriver.&lt;init&gt;(EdgeDriver.java:141)
	at org.openqa.selenium.edge.EdgeDriver.&lt;init&gt;(EdgeDriver.java:96)
	at parallel.EdgeTest.setUp(EdgeTest.java:22)
... Removed 28 stack frames</pre></div><a href='#' onClick='toggleBox("stack-trace984988590", this, "Click to show all stack frames", "Click to hide stack frames")'>Click to show all stack frames</a>
<div class='stack-trace' id='stack-trace984988590'><pre>org.openqa.selenium.SessionNotCreatedException: session not created: This version of Microsoft Edge WebDriver only supports Microsoft Edge version 109
Current browser version is 114.0.1823.79 with binary path C:\Program Files (x86)\Microsoft\Edge\Application\msedge.exe
Build info: version: &apos;3.141.59&apos;, revision: &apos;e82be7d358&apos;, time: &apos;2018-11-14T08:17:03&apos;
System info: host: &apos;LAPTOP-J0IRR7B1&apos;, ip: &apos;192.168.0.95&apos;, os.name: &apos;Windows 10&apos;, os.arch: &apos;amd64&apos;, os.version: &apos;10.0&apos;, java.version: &apos;1.8.0_202&apos;
Driver info: driver.version: EdgeDriver
remote stacktrace: Backtrace:
	Microsoft::Applications::Events::EventProperties::SetProperty [0x00007FF612DE16C2+15186]
	Microsoft::Applications::Events::EventProperty::EventProperty [0x00007FF612D7A212+827554]
	(No symbol) [0x00007FF612A3ED90]
	(No symbol) [0x00007FF612A70231]
	(No symbol) [0x00007FF612A6AF6A]
	(No symbol) [0x00007FF612A660FC]
	(No symbol) [0x00007FF612AA9C56]
	(No symbol) [0x00007FF612AA1D23]
	(No symbol) [0x00007FF612A73B80]
	(No symbol) [0x00007FF612A72B0E]
	(No symbol) [0x00007FF612A74344]
	Microsoft::Applications::Events::EventProperties::SetProperty [0x00007FF612C5C3B0+182752]
	(No symbol) [0x00007FF612B30095]
	Microsoft::Applications::Events::EventProperty::EventProperty [0x00007FF612CBA6EA+42362]
	Microsoft::Applications::Events::EventProperty::EventProperty [0x00007FF612CBD425+53941]
	Microsoft::Applications::Events::ILogManager::DispatchEventBroadcast [0x00007FF612FD8AB3+1456595]
	Microsoft::Applications::Events::EventProperty::EventProperty [0x00007FF612D8276A+861690]
	Microsoft::Applications::Events::EventProperty::EventProperty [0x00007FF612D87854+882404]
	Microsoft::Applications::Events::EventProperty::EventProperty [0x00007FF612D879AC+882748]
	Microsoft::Applications::Events::EventProperty::EventProperty [0x00007FF612D9097E+919566]
	BaseThreadInitThunk [0x00007FFC47D07034+20]
	RtlUserThreadStart [0x00007FFC488226A1+33]

	at sun.reflect.NativeConstructorAccessorImpl.newInstance0(Native Method)
	at sun.reflect.NativeConstructorAccessorImpl.newInstance(NativeConstructorAccessorImpl.java:62)
	at sun.reflect.DelegatingConstructorAccessorImpl.newInstance(DelegatingConstructorAccessorImpl.java:45)
	at java.lang.reflect.Constructor.newInstance(Constructor.java:423)
	at org.openqa.selenium.remote.W3CHandshakeResponse.lambda$errorHandler$0(W3CHandshakeResponse.java:62)
	at org.openqa.selenium.remote.HandshakeResponse.lambda$getResponseFunction$0(HandshakeResponse.java:30)
	at org.openqa.selenium.remote.ProtocolHandshake.lambda$createSession$0(ProtocolHandshake.java:126)
	at java.util.stream.ReferencePipeline$3$1.accept(ReferencePipeline.java:193)
	at java.util.Spliterators$ArraySpliterator.tryAdvance(Spliterators.java:958)
	at java.util.stream.ReferencePipeline.forEachWithCancel(ReferencePipeline.java:126)
	at java.util.stream.AbstractPipeline.copyIntoWithCancel(AbstractPipeline.java:498)
	at java.util.stream.AbstractPipeline.copyInto(AbstractPipeline.java:485)
	at java.util.stream.AbstractPipeline.wrapAndCopyInto(AbstractPipeline.java:471)
	at java.util.stream.FindOps$FindOp.evaluateSequential(FindOps.java:152)
	at java.util.stream.AbstractPipeline.evaluate(AbstractPipeline.java:234)
	at java.util.stream.ReferencePipeline.findFirst(ReferencePipeline.java:464)
	at org.openqa.selenium.remote.ProtocolHandshake.createSession(ProtocolHandshake.java:128)
	at org.openqa.selenium.remote.ProtocolHandshake.createSession(ProtocolHandshake.java:74)
	at org.openqa.selenium.remote.HttpCommandExecutor.execute(HttpCommandExecutor.java:136)
	at org.openqa.selenium.remote.service.DriverCommandExecutor.execute(DriverCommandExecutor.java:83)
	at org.openqa.selenium.remote.RemoteWebDriver.execute(RemoteWebDriver.java:552)
	at org.openqa.selenium.remote.RemoteWebDriver.startSession(RemoteWebDriver.java:213)
	at org.openqa.selenium.remote.RemoteWebDriver.&lt;init&gt;(RemoteWebDriver.java:131)
	at org.openqa.selenium.edge.EdgeDriver.&lt;init&gt;(EdgeDriver.java:141)
	at org.openqa.selenium.edge.EdgeDriver.&lt;init&gt;(EdgeDriver.java:96)
	at parallel.EdgeTest.setUp(EdgeTest.java:22)
	at sun.reflect.NativeMethodAccessorImpl.invoke0(Native Method)
	at sun.reflect.NativeMethodAccessorImpl.invoke(NativeMethodAccessorImpl.java:62)
	at sun.reflect.DelegatingMethodAccessorImpl.invoke(DelegatingMethodAccessorImpl.java:43)
	at java.lang.reflect.Method.invoke(Method.java:498)
	at org.testng.internal.MethodInvocationHelper.invokeMethod(MethodInvocationHelper.java:124)
	at org.testng.internal.MethodInvocationHelper.invokeMethodConsideringTimeout(MethodInvocationHelper.java:59)
	at org.testng.internal.Invoker.invokeConfigurationMethod(Invoker.java:458)
	at org.testng.internal.Invoker.invokeConfigurations(Invoker.java:222)
	at org.testng.internal.Invoker.invokeConfigurations(Invoker.java:142)
	at org.testng.TestRunner.beforeRun(TestRunner.java:529)
	at org.testng.TestRunner.run(TestRunner.java:497)
	at org.testng.SuiteRunner.runTest(SuiteRunner.java:455)
	at org.testng.SuiteRunner.runSequentially(SuiteRunner.java:450)
	at org.testng.SuiteRunner.privateRun(SuiteRunner.java:415)
	at org.testng.SuiteRunner.run(SuiteRunner.java:364)
	at org.testng.SuiteRunnerWorker.runSuite(SuiteRunnerWorker.java:52)
	at org.testng.SuiteRunnerWorker.run(SuiteRunnerWorker.java:84)
	at org.testng.TestNG.runSuitesSequentially(TestNG.java:1208)
	at org.testng.TestNG.runSuitesLocally(TestNG.java:1137)
	at org.testng.TestNG.runSuites(TestNG.java:1049)
	at org.testng.TestNG.run(TestNG.java:1017)
	at org.testng.remote.AbstractRemoteTestNG.run(AbstractRemoteTestNG.java:115)
	at org.testng.remote.RemoteTestNG.initAndRun(RemoteTestNG.java:251)
	at org.testng.remote.RemoteTestNG.main(RemoteTestNG.java:77)
</pre></div></td>
<td>0</td>
<td>parallel.FirefoxTest@ff5b51f</td></tr>
<tr>
<td title='parallel.ChromeTest.clickOffers()'><b>clickOffers</b><br>Test class: parallel.ChromeTest</td>
<td><div><pre>org.openqa.selenium.SessionNotCreatedException: session not created: This version of Microsoft Edge WebDriver only supports Microsoft Edge version 109
Current browser version is 114.0.1823.79 with binary path C:\Program Files (x86)\Microsoft\Edge\Application\msedge.exe
Build info: version: &apos;3.141.59&apos;, revision: &apos;e82be7d358&apos;, time: &apos;2018-11-14T08:17:03&apos;
System info: host: &apos;LAPTOP-J0IRR7B1&apos;, ip: &apos;192.168.0.95&apos;, os.name: &apos;Windows 10&apos;, os.arch: &apos;amd64&apos;, os.version: &apos;10.0&apos;, java.version: &apos;1.8.0_202&apos;
Driver info: driver.version: EdgeDriver
remote stacktrace: Backtrace:
	Microsoft::Applications::Events::EventProperties::SetProperty [0x00007FF612DE16C2+15186]
	Microsoft::Applications::Events::EventProperty::EventProperty [0x00007FF612D7A212+827554]
	(No symbol) [0x00007FF612A3ED90]
	(No symbol) [0x00007FF612A70231]
	(No symbol) [0x00007FF612A6AF6A]
	(No symbol) [0x00007FF612A660FC]
	(No symbol) [0x00007FF612AA9C56]
	(No symbol) [0x00007FF612AA1D23]
	(No symbol) [0x00007FF612A73B80]
	(No symbol) [0x00007FF612A72B0E]
	(No symbol) [0x00007FF612A74344]
	Microsoft::Applications::Events::EventProperties::SetProperty [0x00007FF612C5C3B0+182752]
	(No symbol) [0x00007FF612B30095]
	Microsoft::Applications::Events::EventProperty::EventProperty [0x00007FF612CBA6EA+42362]
	Microsoft::Applications::Events::EventProperty::EventProperty [0x00007FF612CBD425+53941]
	Microsoft::Applications::Events::ILogManager::DispatchEventBroadcast [0x00007FF612FD8AB3+1456595]
	Microsoft::Applications::Events::EventProperty::EventProperty [0x00007FF612D8276A+861690]
	Microsoft::Applications::Events::EventProperty::EventProperty [0x00007FF612D87854+882404]
	Microsoft::Applications::Events::EventProperty::EventProperty [0x00007FF612D879AC+882748]
	Microsoft::Applications::Events::EventProperty::EventProperty [0x00007FF612D9097E+919566]
	BaseThreadInitThunk [0x00007FFC47D07034+20]
	RtlUserThreadStart [0x00007FFC488226A1+33]

	at org.openqa.selenium.remote.W3CHandshakeResponse.lambda$errorHandler$0(W3CHandshakeResponse.java:62)
	at org.openqa.selenium.remote.HandshakeResponse.lambda$getResponseFunction$0(HandshakeResponse.java:30)
	at org.openqa.selenium.remote.ProtocolHandshake.lambda$createSession$0(ProtocolHandshake.java:126)
	at java.util.stream.ReferencePipeline$3$1.accept(ReferencePipeline.java:193)
	at java.util.Spliterators$ArraySpliterator.tryAdvance(Spliterators.java:958)
	at java.util.stream.ReferencePipeline.forEachWithCancel(ReferencePipeline.java:126)
	at java.util.stream.AbstractPipeline.copyIntoWithCancel(AbstractPipeline.java:498)
	at java.util.stream.AbstractPipeline.copyInto(AbstractPipeline.java:485)
	at java.util.stream.AbstractPipeline.wrapAndCopyInto(AbstractPipeline.java:471)
	at java.util.stream.FindOps$FindOp.evaluateSequential(FindOps.java:152)
	at java.util.stream.AbstractPipeline.evaluate(AbstractPipeline.java:234)
	at java.util.stream.ReferencePipeline.findFirst(ReferencePipeline.java:464)
	at org.openqa.selenium.remote.ProtocolHandshake.createSession(ProtocolHandshake.java:128)
	at org.openqa.selenium.remote.ProtocolHandshake.createSession(ProtocolHandshake.java:74)
	at org.openqa.selenium.remote.HttpCommandExecutor.execute(HttpCommandExecutor.java:136)
	at org.openqa.selenium.remote.service.DriverCommandExecutor.execute(DriverCommandExecutor.java:83)
	at org.openqa.selenium.remote.RemoteWebDriver.execute(RemoteWebDriver.java:552)
	at org.openqa.selenium.remote.RemoteWebDriver.startSession(RemoteWebDriver.java:213)
	at org.openqa.selenium.remote.RemoteWebDriver.&lt;init&gt;(RemoteWebDriver.java:131)
	at org.openqa.selenium.edge.EdgeDriver.&lt;init&gt;(EdgeDriver.java:141)
	at org.openqa.selenium.edge.EdgeDriver.&lt;init&gt;(EdgeDriver.java:96)
	at parallel.EdgeTest.setUp(EdgeTest.java:22)
... Removed 28 stack frames</pre></div><a href='#' onClick='toggleBox("stack-trace1548036824", this, "Click to show all stack frames", "Click to hide stack frames")'>Click to show all stack frames</a>
<div class='stack-trace' id='stack-trace1548036824'><pre>org.openqa.selenium.SessionNotCreatedException: session not created: This version of Microsoft Edge WebDriver only supports Microsoft Edge version 109
Current browser version is 114.0.1823.79 with binary path C:\Program Files (x86)\Microsoft\Edge\Application\msedge.exe
Build info: version: &apos;3.141.59&apos;, revision: &apos;e82be7d358&apos;, time: &apos;2018-11-14T08:17:03&apos;
System info: host: &apos;LAPTOP-J0IRR7B1&apos;, ip: &apos;192.168.0.95&apos;, os.name: &apos;Windows 10&apos;, os.arch: &apos;amd64&apos;, os.version: &apos;10.0&apos;, java.version: &apos;1.8.0_202&apos;
Driver info: driver.version: EdgeDriver
remote stacktrace: Backtrace:
	Microsoft::Applications::Events::EventProperties::SetProperty [0x00007FF612DE16C2+15186]
	Microsoft::Applications::Events::EventProperty::EventProperty [0x00007FF612D7A212+827554]
	(No symbol) [0x00007FF612A3ED90]
	(No symbol) [0x00007FF612A70231]
	(No symbol) [0x00007FF612A6AF6A]
	(No symbol) [0x00007FF612A660FC]
	(No symbol) [0x00007FF612AA9C56]
	(No symbol) [0x00007FF612AA1D23]
	(No symbol) [0x00007FF612A73B80]
	(No symbol) [0x00007FF612A72B0E]
	(No symbol) [0x00007FF612A74344]
	Microsoft::Applications::Events::EventProperties::SetProperty [0x00007FF612C5C3B0+182752]
	(No symbol) [0x00007FF612B30095]
	Microsoft::Applications::Events::EventProperty::EventProperty [0x00007FF612CBA6EA+42362]
	Microsoft::Applications::Events::EventProperty::EventProperty [0x00007FF612CBD425+53941]
	Microsoft::Applications::Events::ILogManager::DispatchEventBroadcast [0x00007FF612FD8AB3+1456595]
	Microsoft::Applications::Events::EventProperty::EventProperty [0x00007FF612D8276A+861690]
	Microsoft::Applications::Events::EventProperty::EventProperty [0x00007FF612D87854+882404]
	Microsoft::Applications::Events::EventProperty::EventProperty [0x00007FF612D879AC+882748]
	Microsoft::Applications::Events::EventProperty::EventProperty [0x00007FF612D9097E+919566]
	BaseThreadInitThunk [0x00007FFC47D07034+20]
	RtlUserThreadStart [0x00007FFC488226A1+33]

	at sun.reflect.NativeConstructorAccessorImpl.newInstance0(Native Method)
	at sun.reflect.NativeConstructorAccessorImpl.newInstance(NativeConstructorAccessorImpl.java:62)
	at sun.reflect.DelegatingConstructorAccessorImpl.newInstance(DelegatingConstructorAccessorImpl.java:45)
	at java.lang.reflect.Constructor.newInstance(Constructor.java:423)
	at org.openqa.selenium.remote.W3CHandshakeResponse.lambda$errorHandler$0(W3CHandshakeResponse.java:62)
	at org.openqa.selenium.remote.HandshakeResponse.lambda$getResponseFunction$0(HandshakeResponse.java:30)
	at org.openqa.selenium.remote.ProtocolHandshake.lambda$createSession$0(ProtocolHandshake.java:126)
	at java.util.stream.ReferencePipeline$3$1.accept(ReferencePipeline.java:193)
	at java.util.Spliterators$ArraySpliterator.tryAdvance(Spliterators.java:958)
	at java.util.stream.ReferencePipeline.forEachWithCancel(ReferencePipeline.java:126)
	at java.util.stream.AbstractPipeline.copyIntoWithCancel(AbstractPipeline.java:498)
	at java.util.stream.AbstractPipeline.copyInto(AbstractPipeline.java:485)
	at java.util.stream.AbstractPipeline.wrapAndCopyInto(AbstractPipeline.java:471)
	at java.util.stream.FindOps$FindOp.evaluateSequential(FindOps.java:152)
	at java.util.stream.AbstractPipeline.evaluate(AbstractPipeline.java:234)
	at java.util.stream.ReferencePipeline.findFirst(ReferencePipeline.java:464)
	at org.openqa.selenium.remote.ProtocolHandshake.createSession(ProtocolHandshake.java:128)
	at org.openqa.selenium.remote.ProtocolHandshake.createSession(ProtocolHandshake.java:74)
	at org.openqa.selenium.remote.HttpCommandExecutor.execute(HttpCommandExecutor.java:136)
	at org.openqa.selenium.remote.service.DriverCommandExecutor.execute(DriverCommandExecutor.java:83)
	at org.openqa.selenium.remote.RemoteWebDriver.execute(RemoteWebDriver.java:552)
	at org.openqa.selenium.remote.RemoteWebDriver.startSession(RemoteWebDriver.java:213)
	at org.openqa.selenium.remote.RemoteWebDriver.&lt;init&gt;(RemoteWebDriver.java:131)
	at org.openqa.selenium.edge.EdgeDriver.&lt;init&gt;(EdgeDriver.java:141)
	at org.openqa.selenium.edge.EdgeDriver.&lt;init&gt;(EdgeDriver.java:96)
	at parallel.EdgeTest.setUp(EdgeTest.java:22)
	at sun.reflect.NativeMethodAccessorImpl.invoke0(Native Method)
	at sun.reflect.NativeMethodAccessorImpl.invoke(NativeMethodAccessorImpl.java:62)
	at sun.reflect.DelegatingMethodAccessorImpl.invoke(DelegatingMethodAccessorImpl.java:43)
	at java.lang.reflect.Method.invoke(Method.java:498)
	at org.testng.internal.MethodInvocationHelper.invokeMethod(MethodInvocationHelper.java:124)
	at org.testng.internal.MethodInvocationHelper.invokeMethodConsideringTimeout(MethodInvocationHelper.java:59)
	at org.testng.internal.Invoker.invokeConfigurationMethod(Invoker.java:458)
	at org.testng.internal.Invoker.invokeConfigurations(Invoker.java:222)
	at org.testng.internal.Invoker.invokeConfigurations(Invoker.java:142)
	at org.testng.TestRunner.beforeRun(TestRunner.java:529)
	at org.testng.TestRunner.run(TestRunner.java:497)
	at org.testng.SuiteRunner.runTest(SuiteRunner.java:455)
	at org.testng.SuiteRunner.runSequentially(SuiteRunner.java:450)
	at org.testng.SuiteRunner.privateRun(SuiteRunner.java:415)
	at org.testng.SuiteRunner.run(SuiteRunner.java:364)
	at org.testng.SuiteRunnerWorker.runSuite(SuiteRunnerWorker.java:52)
	at org.testng.SuiteRunnerWorker.run(SuiteRunnerWorker.java:84)
	at org.testng.TestNG.runSuitesSequentially(TestNG.java:1208)
	at org.testng.TestNG.runSuitesLocally(TestNG.java:1137)
	at org.testng.TestNG.runSuites(TestNG.java:1049)
	at org.testng.TestNG.run(TestNG.java:1017)
	at org.testng.remote.AbstractRemoteTestNG.run(AbstractRemoteTestNG.java:115)
	at org.testng.remote.RemoteTestNG.initAndRun(RemoteTestNG.java:251)
	at org.testng.remote.RemoteTestNG.main(RemoteTestNG.java:77)
</pre></div></td>
<td>0</td>
<td>parallel.ChromeTest@1ed4004b</td></tr>
<tr>
<td title='parallel.EdgeTest.clickOffers()'><b>clickOffers</b><br>Test class: parallel.EdgeTest</td>
<td><div><pre>org.openqa.selenium.SessionNotCreatedException: session not created: This version of Microsoft Edge WebDriver only supports Microsoft Edge version 109
Current browser version is 114.0.1823.79 with binary path C:\Program Files (x86)\Microsoft\Edge\Application\msedge.exe
Build info: version: &apos;3.141.59&apos;, revision: &apos;e82be7d358&apos;, time: &apos;2018-11-14T08:17:03&apos;
System info: host: &apos;LAPTOP-J0IRR7B1&apos;, ip: &apos;192.168.0.95&apos;, os.name: &apos;Windows 10&apos;, os.arch: &apos;amd64&apos;, os.version: &apos;10.0&apos;, java.version: &apos;1.8.0_202&apos;
Driver info: driver.version: EdgeDriver
remote stacktrace: Backtrace:
	Microsoft::Applications::Events::EventProperties::SetProperty [0x00007FF612DE16C2+15186]
	Microsoft::Applications::Events::EventProperty::EventProperty [0x00007FF612D7A212+827554]
	(No symbol) [0x00007FF612A3ED90]
	(No symbol) [0x00007FF612A70231]
	(No symbol) [0x00007FF612A6AF6A]
	(No symbol) [0x00007FF612A660FC]
	(No symbol) [0x00007FF612AA9C56]
	(No symbol) [0x00007FF612AA1D23]
	(No symbol) [0x00007FF612A73B80]
	(No symbol) [0x00007FF612A72B0E]
	(No symbol) [0x00007FF612A74344]
	Microsoft::Applications::Events::EventProperties::SetProperty [0x00007FF612C5C3B0+182752]
	(No symbol) [0x00007FF612B30095]
	Microsoft::Applications::Events::EventProperty::EventProperty [0x00007FF612CBA6EA+42362]
	Microsoft::Applications::Events::EventProperty::EventProperty [0x00007FF612CBD425+53941]
	Microsoft::Applications::Events::ILogManager::DispatchEventBroadcast [0x00007FF612FD8AB3+1456595]
	Microsoft::Applications::Events::EventProperty::EventProperty [0x00007FF612D8276A+861690]
	Microsoft::Applications::Events::EventProperty::EventProperty [0x00007FF612D87854+882404]
	Microsoft::Applications::Events::EventProperty::EventProperty [0x00007FF612D879AC+882748]
	Microsoft::Applications::Events::EventProperty::EventProperty [0x00007FF612D9097E+919566]
	BaseThreadInitThunk [0x00007FFC47D07034+20]
	RtlUserThreadStart [0x00007FFC488226A1+33]

	at org.openqa.selenium.remote.W3CHandshakeResponse.lambda$errorHandler$0(W3CHandshakeResponse.java:62)
	at org.openqa.selenium.remote.HandshakeResponse.lambda$getResponseFunction$0(HandshakeResponse.java:30)
	at org.openqa.selenium.remote.ProtocolHandshake.lambda$createSession$0(ProtocolHandshake.java:126)
	at java.util.stream.ReferencePipeline$3$1.accept(ReferencePipeline.java:193)
	at java.util.Spliterators$ArraySpliterator.tryAdvance(Spliterators.java:958)
	at java.util.stream.ReferencePipeline.forEachWithCancel(ReferencePipeline.java:126)
	at java.util.stream.AbstractPipeline.copyIntoWithCancel(AbstractPipeline.java:498)
	at java.util.stream.AbstractPipeline.copyInto(AbstractPipeline.java:485)
	at java.util.stream.AbstractPipeline.wrapAndCopyInto(AbstractPipeline.java:471)
	at java.util.stream.FindOps$FindOp.evaluateSequential(FindOps.java:152)
	at java.util.stream.AbstractPipeline.evaluate(AbstractPipeline.java:234)
	at java.util.stream.ReferencePipeline.findFirst(ReferencePipeline.java:464)
	at org.openqa.selenium.remote.ProtocolHandshake.createSession(ProtocolHandshake.java:128)
	at org.openqa.selenium.remote.ProtocolHandshake.createSession(ProtocolHandshake.java:74)
	at org.openqa.selenium.remote.HttpCommandExecutor.execute(HttpCommandExecutor.java:136)
	at org.openqa.selenium.remote.service.DriverCommandExecutor.execute(DriverCommandExecutor.java:83)
	at org.openqa.selenium.remote.RemoteWebDriver.execute(RemoteWebDriver.java:552)
	at org.openqa.selenium.remote.RemoteWebDriver.startSession(RemoteWebDriver.java:213)
	at org.openqa.selenium.remote.RemoteWebDriver.&lt;init&gt;(RemoteWebDriver.java:131)
	at org.openqa.selenium.edge.EdgeDriver.&lt;init&gt;(EdgeDriver.java:141)
	at org.openqa.selenium.edge.EdgeDriver.&lt;init&gt;(EdgeDriver.java:96)
	at parallel.EdgeTest.setUp(EdgeTest.java:22)
... Removed 28 stack frames</pre></div><a href='#' onClick='toggleBox("stack-trace1122984783", this, "Click to show all stack frames", "Click to hide stack frames")'>Click to show all stack frames</a>
<div class='stack-trace' id='stack-trace1122984783'><pre>org.openqa.selenium.SessionNotCreatedException: session not created: This version of Microsoft Edge WebDriver only supports Microsoft Edge version 109
Current browser version is 114.0.1823.79 with binary path C:\Program Files (x86)\Microsoft\Edge\Application\msedge.exe
Build info: version: &apos;3.141.59&apos;, revision: &apos;e82be7d358&apos;, time: &apos;2018-11-14T08:17:03&apos;
System info: host: &apos;LAPTOP-J0IRR7B1&apos;, ip: &apos;192.168.0.95&apos;, os.name: &apos;Windows 10&apos;, os.arch: &apos;amd64&apos;, os.version: &apos;10.0&apos;, java.version: &apos;1.8.0_202&apos;
Driver info: driver.version: EdgeDriver
remote stacktrace: Backtrace:
	Microsoft::Applications::Events::EventProperties::SetProperty [0x00007FF612DE16C2+15186]
	Microsoft::Applications::Events::EventProperty::EventProperty [0x00007FF612D7A212+827554]
	(No symbol) [0x00007FF612A3ED90]
	(No symbol) [0x00007FF612A70231]
	(No symbol) [0x00007FF612A6AF6A]
	(No symbol) [0x00007FF612A660FC]
	(No symbol) [0x00007FF612AA9C56]
	(No symbol) [0x00007FF612AA1D23]
	(No symbol) [0x00007FF612A73B80]
	(No symbol) [0x00007FF612A72B0E]
	(No symbol) [0x00007FF612A74344]
	Microsoft::Applications::Events::EventProperties::SetProperty [0x00007FF612C5C3B0+182752]
	(No symbol) [0x00007FF612B30095]
	Microsoft::Applications::Events::EventProperty::EventProperty [0x00007FF612CBA6EA+42362]
	Microsoft::Applications::Events::EventProperty::EventProperty [0x00007FF612CBD425+53941]
	Microsoft::Applications::Events::ILogManager::DispatchEventBroadcast [0x00007FF612FD8AB3+1456595]
	Microsoft::Applications::Events::EventProperty::EventProperty [0x00007FF612D8276A+861690]
	Microsoft::Applications::Events::EventProperty::EventProperty [0x00007FF612D87854+882404]
	Microsoft::Applications::Events::EventProperty::EventProperty [0x00007FF612D879AC+882748]
	Microsoft::Applications::Events::EventProperty::EventProperty [0x00007FF612D9097E+919566]
	BaseThreadInitThunk [0x00007FFC47D07034+20]
	RtlUserThreadStart [0x00007FFC488226A1+33]

	at sun.reflect.NativeConstructorAccessorImpl.newInstance0(Native Method)
	at sun.reflect.NativeConstructorAccessorImpl.newInstance(NativeConstructorAccessorImpl.java:62)
	at sun.reflect.DelegatingConstructorAccessorImpl.newInstance(DelegatingConstructorAccessorImpl.java:45)
	at java.lang.reflect.Constructor.newInstance(Constructor.java:423)
	at org.openqa.selenium.remote.W3CHandshakeResponse.lambda$errorHandler$0(W3CHandshakeResponse.java:62)
	at org.openqa.selenium.remote.HandshakeResponse.lambda$getResponseFunction$0(HandshakeResponse.java:30)
	at org.openqa.selenium.remote.ProtocolHandshake.lambda$createSession$0(ProtocolHandshake.java:126)
	at java.util.stream.ReferencePipeline$3$1.accept(ReferencePipeline.java:193)
	at java.util.Spliterators$ArraySpliterator.tryAdvance(Spliterators.java:958)
	at java.util.stream.ReferencePipeline.forEachWithCancel(ReferencePipeline.java:126)
	at java.util.stream.AbstractPipeline.copyIntoWithCancel(AbstractPipeline.java:498)
	at java.util.stream.AbstractPipeline.copyInto(AbstractPipeline.java:485)
	at java.util.stream.AbstractPipeline.wrapAndCopyInto(AbstractPipeline.java:471)
	at java.util.stream.FindOps$FindOp.evaluateSequential(FindOps.java:152)
	at java.util.stream.AbstractPipeline.evaluate(AbstractPipeline.java:234)
	at java.util.stream.ReferencePipeline.findFirst(ReferencePipeline.java:464)
	at org.openqa.selenium.remote.ProtocolHandshake.createSession(ProtocolHandshake.java:128)
	at org.openqa.selenium.remote.ProtocolHandshake.createSession(ProtocolHandshake.java:74)
	at org.openqa.selenium.remote.HttpCommandExecutor.execute(HttpCommandExecutor.java:136)
	at org.openqa.selenium.remote.service.DriverCommandExecutor.execute(DriverCommandExecutor.java:83)
	at org.openqa.selenium.remote.RemoteWebDriver.execute(RemoteWebDriver.java:552)
	at org.openqa.selenium.remote.RemoteWebDriver.startSession(RemoteWebDriver.java:213)
	at org.openqa.selenium.remote.RemoteWebDriver.&lt;init&gt;(RemoteWebDriver.java:131)
	at org.openqa.selenium.edge.EdgeDriver.&lt;init&gt;(EdgeDriver.java:141)
	at org.openqa.selenium.edge.EdgeDriver.&lt;init&gt;(EdgeDriver.java:96)
	at parallel.EdgeTest.setUp(EdgeTest.java:22)
	at sun.reflect.NativeMethodAccessorImpl.invoke0(Native Method)
	at sun.reflect.NativeMethodAccessorImpl.invoke(NativeMethodAccessorImpl.java:62)
	at sun.reflect.DelegatingMethodAccessorImpl.invoke(DelegatingMethodAccessorImpl.java:43)
	at java.lang.reflect.Method.invoke(Method.java:498)
	at org.testng.internal.MethodInvocationHelper.invokeMethod(MethodInvocationHelper.java:124)
	at org.testng.internal.MethodInvocationHelper.invokeMethodConsideringTimeout(MethodInvocationHelper.java:59)
	at org.testng.internal.Invoker.invokeConfigurationMethod(Invoker.java:458)
	at org.testng.internal.Invoker.invokeConfigurations(Invoker.java:222)
	at org.testng.internal.Invoker.invokeConfigurations(Invoker.java:142)
	at org.testng.TestRunner.beforeRun(TestRunner.java:529)
	at org.testng.TestRunner.run(TestRunner.java:497)
	at org.testng.SuiteRunner.runTest(SuiteRunner.java:455)
	at org.testng.SuiteRunner.runSequentially(SuiteRunner.java:450)
	at org.testng.SuiteRunner.privateRun(SuiteRunner.java:415)
	at org.testng.SuiteRunner.run(SuiteRunner.java:364)
	at org.testng.SuiteRunnerWorker.runSuite(SuiteRunnerWorker.java:52)
	at org.testng.SuiteRunnerWorker.run(SuiteRunnerWorker.java:84)
	at org.testng.TestNG.runSuitesSequentially(TestNG.java:1208)
	at org.testng.TestNG.runSuitesLocally(TestNG.java:1137)
	at org.testng.TestNG.runSuites(TestNG.java:1049)
	at org.testng.TestNG.run(TestNG.java:1017)
	at org.testng.remote.AbstractRemoteTestNG.run(AbstractRemoteTestNG.java:115)
	at org.testng.remote.RemoteTestNG.initAndRun(RemoteTestNG.java:251)
	at org.testng.remote.RemoteTestNG.main(RemoteTestNG.java:77)
</pre></div></td>
<td>0</td>
<td>parallel.EdgeTest@25bbe1b6</td></tr>
<tr>
<td title='parallel.FirefoxTest.clickOrders()'><b>clickOrders</b><br>Test class: parallel.FirefoxTest</td>
<td><div><pre>org.openqa.selenium.SessionNotCreatedException: session not created: This version of Microsoft Edge WebDriver only supports Microsoft Edge version 109
Current browser version is 114.0.1823.79 with binary path C:\Program Files (x86)\Microsoft\Edge\Application\msedge.exe
Build info: version: &apos;3.141.59&apos;, revision: &apos;e82be7d358&apos;, time: &apos;2018-11-14T08:17:03&apos;
System info: host: &apos;LAPTOP-J0IRR7B1&apos;, ip: &apos;192.168.0.95&apos;, os.name: &apos;Windows 10&apos;, os.arch: &apos;amd64&apos;, os.version: &apos;10.0&apos;, java.version: &apos;1.8.0_202&apos;
Driver info: driver.version: EdgeDriver
remote stacktrace: Backtrace:
	Microsoft::Applications::Events::EventProperties::SetProperty [0x00007FF612DE16C2+15186]
	Microsoft::Applications::Events::EventProperty::EventProperty [0x00007FF612D7A212+827554]
	(No symbol) [0x00007FF612A3ED90]
	(No symbol) [0x00007FF612A70231]
	(No symbol) [0x00007FF612A6AF6A]
	(No symbol) [0x00007FF612A660FC]
	(No symbol) [0x00007FF612AA9C56]
	(No symbol) [0x00007FF612AA1D23]
	(No symbol) [0x00007FF612A73B80]
	(No symbol) [0x00007FF612A72B0E]
	(No symbol) [0x00007FF612A74344]
	Microsoft::Applications::Events::EventProperties::SetProperty [0x00007FF612C5C3B0+182752]
	(No symbol) [0x00007FF612B30095]
	Microsoft::Applications::Events::EventProperty::EventProperty [0x00007FF612CBA6EA+42362]
	Microsoft::Applications::Events::EventProperty::EventProperty [0x00007FF612CBD425+53941]
	Microsoft::Applications::Events::ILogManager::DispatchEventBroadcast [0x00007FF612FD8AB3+1456595]
	Microsoft::Applications::Events::EventProperty::EventProperty [0x00007FF612D8276A+861690]
	Microsoft::Applications::Events::EventProperty::EventProperty [0x00007FF612D87854+882404]
	Microsoft::Applications::Events::EventProperty::EventProperty [0x00007FF612D879AC+882748]
	Microsoft::Applications::Events::EventProperty::EventProperty [0x00007FF612D9097E+919566]
	BaseThreadInitThunk [0x00007FFC47D07034+20]
	RtlUserThreadStart [0x00007FFC488226A1+33]

	at org.openqa.selenium.remote.W3CHandshakeResponse.lambda$errorHandler$0(W3CHandshakeResponse.java:62)
	at org.openqa.selenium.remote.HandshakeResponse.lambda$getResponseFunction$0(HandshakeResponse.java:30)
	at org.openqa.selenium.remote.ProtocolHandshake.lambda$createSession$0(ProtocolHandshake.java:126)
	at java.util.stream.ReferencePipeline$3$1.accept(ReferencePipeline.java:193)
	at java.util.Spliterators$ArraySpliterator.tryAdvance(Spliterators.java:958)
	at java.util.stream.ReferencePipeline.forEachWithCancel(ReferencePipeline.java:126)
	at java.util.stream.AbstractPipeline.copyIntoWithCancel(AbstractPipeline.java:498)
	at java.util.stream.AbstractPipeline.copyInto(AbstractPipeline.java:485)
	at java.util.stream.AbstractPipeline.wrapAndCopyInto(AbstractPipeline.java:471)
	at java.util.stream.FindOps$FindOp.evaluateSequential(FindOps.java:152)
	at java.util.stream.AbstractPipeline.evaluate(AbstractPipeline.java:234)
	at java.util.stream.ReferencePipeline.findFirst(ReferencePipeline.java:464)
	at org.openqa.selenium.remote.ProtocolHandshake.createSession(ProtocolHandshake.java:128)
	at org.openqa.selenium.remote.ProtocolHandshake.createSession(ProtocolHandshake.java:74)
	at org.openqa.selenium.remote.HttpCommandExecutor.execute(HttpCommandExecutor.java:136)
	at org.openqa.selenium.remote.service.DriverCommandExecutor.execute(DriverCommandExecutor.java:83)
	at org.openqa.selenium.remote.RemoteWebDriver.execute(RemoteWebDriver.java:552)
	at org.openqa.selenium.remote.RemoteWebDriver.startSession(RemoteWebDriver.java:213)
	at org.openqa.selenium.remote.RemoteWebDriver.&lt;init&gt;(RemoteWebDriver.java:131)
	at org.openqa.selenium.edge.EdgeDriver.&lt;init&gt;(EdgeDriver.java:141)
	at org.openqa.selenium.edge.EdgeDriver.&lt;init&gt;(EdgeDriver.java:96)
	at parallel.EdgeTest.setUp(EdgeTest.java:22)
... Removed 28 stack frames</pre></div><a href='#' onClick='toggleBox("stack-trace1994302086", this, "Click to show all stack frames", "Click to hide stack frames")'>Click to show all stack frames</a>
<div class='stack-trace' id='stack-trace1994302086'><pre>org.openqa.selenium.SessionNotCreatedException: session not created: This version of Microsoft Edge WebDriver only supports Microsoft Edge version 109
Current browser version is 114.0.1823.79 with binary path C:\Program Files (x86)\Microsoft\Edge\Application\msedge.exe
Build info: version: &apos;3.141.59&apos;, revision: &apos;e82be7d358&apos;, time: &apos;2018-11-14T08:17:03&apos;
System info: host: &apos;LAPTOP-J0IRR7B1&apos;, ip: &apos;192.168.0.95&apos;, os.name: &apos;Windows 10&apos;, os.arch: &apos;amd64&apos;, os.version: &apos;10.0&apos;, java.version: &apos;1.8.0_202&apos;
Driver info: driver.version: EdgeDriver
remote stacktrace: Backtrace:
	Microsoft::Applications::Events::EventProperties::SetProperty [0x00007FF612DE16C2+15186]
	Microsoft::Applications::Events::EventProperty::EventProperty [0x00007FF612D7A212+827554]
	(No symbol) [0x00007FF612A3ED90]
	(No symbol) [0x00007FF612A70231]
	(No symbol) [0x00007FF612A6AF6A]
	(No symbol) [0x00007FF612A660FC]
	(No symbol) [0x00007FF612AA9C56]
	(No symbol) [0x00007FF612AA1D23]
	(No symbol) [0x00007FF612A73B80]
	(No symbol) [0x00007FF612A72B0E]
	(No symbol) [0x00007FF612A74344]
	Microsoft::Applications::Events::EventProperties::SetProperty [0x00007FF612C5C3B0+182752]
	(No symbol) [0x00007FF612B30095]
	Microsoft::Applications::Events::EventProperty::EventProperty [0x00007FF612CBA6EA+42362]
	Microsoft::Applications::Events::EventProperty::EventProperty [0x00007FF612CBD425+53941]
	Microsoft::Applications::Events::ILogManager::DispatchEventBroadcast [0x00007FF612FD8AB3+1456595]
	Microsoft::Applications::Events::EventProperty::EventProperty [0x00007FF612D8276A+861690]
	Microsoft::Applications::Events::EventProperty::EventProperty [0x00007FF612D87854+882404]
	Microsoft::Applications::Events::EventProperty::EventProperty [0x00007FF612D879AC+882748]
	Microsoft::Applications::Events::EventProperty::EventProperty [0x00007FF612D9097E+919566]
	BaseThreadInitThunk [0x00007FFC47D07034+20]
	RtlUserThreadStart [0x00007FFC488226A1+33]

	at sun.reflect.NativeConstructorAccessorImpl.newInstance0(Native Method)
	at sun.reflect.NativeConstructorAccessorImpl.newInstance(NativeConstructorAccessorImpl.java:62)
	at sun.reflect.DelegatingConstructorAccessorImpl.newInstance(DelegatingConstructorAccessorImpl.java:45)
	at java.lang.reflect.Constructor.newInstance(Constructor.java:423)
	at org.openqa.selenium.remote.W3CHandshakeResponse.lambda$errorHandler$0(W3CHandshakeResponse.java:62)
	at org.openqa.selenium.remote.HandshakeResponse.lambda$getResponseFunction$0(HandshakeResponse.java:30)
	at org.openqa.selenium.remote.ProtocolHandshake.lambda$createSession$0(ProtocolHandshake.java:126)
	at java.util.stream.ReferencePipeline$3$1.accept(ReferencePipeline.java:193)
	at java.util.Spliterators$ArraySpliterator.tryAdvance(Spliterators.java:958)
	at java.util.stream.ReferencePipeline.forEachWithCancel(ReferencePipeline.java:126)
	at java.util.stream.AbstractPipeline.copyIntoWithCancel(AbstractPipeline.java:498)
	at java.util.stream.AbstractPipeline.copyInto(AbstractPipeline.java:485)
	at java.util.stream.AbstractPipeline.wrapAndCopyInto(AbstractPipeline.java:471)
	at java.util.stream.FindOps$FindOp.evaluateSequential(FindOps.java:152)
	at java.util.stream.AbstractPipeline.evaluate(AbstractPipeline.java:234)
	at java.util.stream.ReferencePipeline.findFirst(ReferencePipeline.java:464)
	at org.openqa.selenium.remote.ProtocolHandshake.createSession(ProtocolHandshake.java:128)
	at org.openqa.selenium.remote.ProtocolHandshake.createSession(ProtocolHandshake.java:74)
	at org.openqa.selenium.remote.HttpCommandExecutor.execute(HttpCommandExecutor.java:136)
	at org.openqa.selenium.remote.service.DriverCommandExecutor.execute(DriverCommandExecutor.java:83)
	at org.openqa.selenium.remote.RemoteWebDriver.execute(RemoteWebDriver.java:552)
	at org.openqa.selenium.remote.RemoteWebDriver.startSession(RemoteWebDriver.java:213)
	at org.openqa.selenium.remote.RemoteWebDriver.&lt;init&gt;(RemoteWebDriver.java:131)
	at org.openqa.selenium.edge.EdgeDriver.&lt;init&gt;(EdgeDriver.java:141)
	at org.openqa.selenium.edge.EdgeDriver.&lt;init&gt;(EdgeDriver.java:96)
	at parallel.EdgeTest.setUp(EdgeTest.java:22)
	at sun.reflect.NativeMethodAccessorImpl.invoke0(Native Method)
	at sun.reflect.NativeMethodAccessorImpl.invoke(NativeMethodAccessorImpl.java:62)
	at sun.reflect.DelegatingMethodAccessorImpl.invoke(DelegatingMethodAccessorImpl.java:43)
	at java.lang.reflect.Method.invoke(Method.java:498)
	at org.testng.internal.MethodInvocationHelper.invokeMethod(MethodInvocationHelper.java:124)
	at org.testng.internal.MethodInvocationHelper.invokeMethodConsideringTimeout(MethodInvocationHelper.java:59)
	at org.testng.internal.Invoker.invokeConfigurationMethod(Invoker.java:458)
	at org.testng.internal.Invoker.invokeConfigurations(Invoker.java:222)
	at org.testng.internal.Invoker.invokeConfigurations(Invoker.java:142)
	at org.testng.TestRunner.beforeRun(TestRunner.java:529)
	at org.testng.TestRunner.run(TestRunner.java:497)
	at org.testng.SuiteRunner.runTest(SuiteRunner.java:455)
	at org.testng.SuiteRunner.runSequentially(SuiteRunner.java:450)
	at org.testng.SuiteRunner.privateRun(SuiteRunner.java:415)
	at org.testng.SuiteRunner.run(SuiteRunner.java:364)
	at org.testng.SuiteRunnerWorker.runSuite(SuiteRunnerWorker.java:52)
	at org.testng.SuiteRunnerWorker.run(SuiteRunnerWorker.java:84)
	at org.testng.TestNG.runSuitesSequentially(TestNG.java:1208)
	at org.testng.TestNG.runSuitesLocally(TestNG.java:1137)
	at org.testng.TestNG.runSuites(TestNG.java:1049)
	at org.testng.TestNG.run(TestNG.java:1017)
	at org.testng.remote.AbstractRemoteTestNG.run(AbstractRemoteTestNG.java:115)
	at org.testng.remote.RemoteTestNG.initAndRun(RemoteTestNG.java:251)
	at org.testng.remote.RemoteTestNG.main(RemoteTestNG.java:77)
</pre></div></td>
<td>0</td>
<td>parallel.FirefoxTest@ff5b51f</td></tr>
<tr>
<td title='parallel.ChromeTest.clickOrders()'><b>clickOrders</b><br>Test class: parallel.ChromeTest</td>
<td><div><pre>org.openqa.selenium.SessionNotCreatedException: session not created: This version of Microsoft Edge WebDriver only supports Microsoft Edge version 109
Current browser version is 114.0.1823.79 with binary path C:\Program Files (x86)\Microsoft\Edge\Application\msedge.exe
Build info: version: &apos;3.141.59&apos;, revision: &apos;e82be7d358&apos;, time: &apos;2018-11-14T08:17:03&apos;
System info: host: &apos;LAPTOP-J0IRR7B1&apos;, ip: &apos;192.168.0.95&apos;, os.name: &apos;Windows 10&apos;, os.arch: &apos;amd64&apos;, os.version: &apos;10.0&apos;, java.version: &apos;1.8.0_202&apos;
Driver info: driver.version: EdgeDriver
remote stacktrace: Backtrace:
	Microsoft::Applications::Events::EventProperties::SetProperty [0x00007FF612DE16C2+15186]
	Microsoft::Applications::Events::EventProperty::EventProperty [0x00007FF612D7A212+827554]
	(No symbol) [0x00007FF612A3ED90]
	(No symbol) [0x00007FF612A70231]
	(No symbol) [0x00007FF612A6AF6A]
	(No symbol) [0x00007FF612A660FC]
	(No symbol) [0x00007FF612AA9C56]
	(No symbol) [0x00007FF612AA1D23]
	(No symbol) [0x00007FF612A73B80]
	(No symbol) [0x00007FF612A72B0E]
	(No symbol) [0x00007FF612A74344]
	Microsoft::Applications::Events::EventProperties::SetProperty [0x00007FF612C5C3B0+182752]
	(No symbol) [0x00007FF612B30095]
	Microsoft::Applications::Events::EventProperty::EventProperty [0x00007FF612CBA6EA+42362]
	Microsoft::Applications::Events::EventProperty::EventProperty [0x00007FF612CBD425+53941]
	Microsoft::Applications::Events::ILogManager::DispatchEventBroadcast [0x00007FF612FD8AB3+1456595]
	Microsoft::Applications::Events::EventProperty::EventProperty [0x00007FF612D8276A+861690]
	Microsoft::Applications::Events::EventProperty::EventProperty [0x00007FF612D87854+882404]
	Microsoft::Applications::Events::EventProperty::EventProperty [0x00007FF612D879AC+882748]
	Microsoft::Applications::Events::EventProperty::EventProperty [0x00007FF612D9097E+919566]
	BaseThreadInitThunk [0x00007FFC47D07034+20]
	RtlUserThreadStart [0x00007FFC488226A1+33]

	at org.openqa.selenium.remote.W3CHandshakeResponse.lambda$errorHandler$0(W3CHandshakeResponse.java:62)
	at org.openqa.selenium.remote.HandshakeResponse.lambda$getResponseFunction$0(HandshakeResponse.java:30)
	at org.openqa.selenium.remote.ProtocolHandshake.lambda$createSession$0(ProtocolHandshake.java:126)
	at java.util.stream.ReferencePipeline$3$1.accept(ReferencePipeline.java:193)
	at java.util.Spliterators$ArraySpliterator.tryAdvance(Spliterators.java:958)
	at java.util.stream.ReferencePipeline.forEachWithCancel(ReferencePipeline.java:126)
	at java.util.stream.AbstractPipeline.copyIntoWithCancel(AbstractPipeline.java:498)
	at java.util.stream.AbstractPipeline.copyInto(AbstractPipeline.java:485)
	at java.util.stream.AbstractPipeline.wrapAndCopyInto(AbstractPipeline.java:471)
	at java.util.stream.FindOps$FindOp.evaluateSequential(FindOps.java:152)
	at java.util.stream.AbstractPipeline.evaluate(AbstractPipeline.java:234)
	at java.util.stream.ReferencePipeline.findFirst(ReferencePipeline.java:464)
	at org.openqa.selenium.remote.ProtocolHandshake.createSession(ProtocolHandshake.java:128)
	at org.openqa.selenium.remote.ProtocolHandshake.createSession(ProtocolHandshake.java:74)
	at org.openqa.selenium.remote.HttpCommandExecutor.execute(HttpCommandExecutor.java:136)
	at org.openqa.selenium.remote.service.DriverCommandExecutor.execute(DriverCommandExecutor.java:83)
	at org.openqa.selenium.remote.RemoteWebDriver.execute(RemoteWebDriver.java:552)
	at org.openqa.selenium.remote.RemoteWebDriver.startSession(RemoteWebDriver.java:213)
	at org.openqa.selenium.remote.RemoteWebDriver.&lt;init&gt;(RemoteWebDriver.java:131)
	at org.openqa.selenium.edge.EdgeDriver.&lt;init&gt;(EdgeDriver.java:141)
	at org.openqa.selenium.edge.EdgeDriver.&lt;init&gt;(EdgeDriver.java:96)
	at parallel.EdgeTest.setUp(EdgeTest.java:22)
... Removed 28 stack frames</pre></div><a href='#' onClick='toggleBox("stack-trace1332381228", this, "Click to show all stack frames", "Click to hide stack frames")'>Click to show all stack frames</a>
<div class='stack-trace' id='stack-trace1332381228'><pre>org.openqa.selenium.SessionNotCreatedException: session not created: This version of Microsoft Edge WebDriver only supports Microsoft Edge version 109
Current browser version is 114.0.1823.79 with binary path C:\Program Files (x86)\Microsoft\Edge\Application\msedge.exe
Build info: version: &apos;3.141.59&apos;, revision: &apos;e82be7d358&apos;, time: &apos;2018-11-14T08:17:03&apos;
System info: host: &apos;LAPTOP-J0IRR7B1&apos;, ip: &apos;192.168.0.95&apos;, os.name: &apos;Windows 10&apos;, os.arch: &apos;amd64&apos;, os.version: &apos;10.0&apos;, java.version: &apos;1.8.0_202&apos;
Driver info: driver.version: EdgeDriver
remote stacktrace: Backtrace:
	Microsoft::Applications::Events::EventProperties::SetProperty [0x00007FF612DE16C2+15186]
	Microsoft::Applications::Events::EventProperty::EventProperty [0x00007FF612D7A212+827554]
	(No symbol) [0x00007FF612A3ED90]
	(No symbol) [0x00007FF612A70231]
	(No symbol) [0x00007FF612A6AF6A]
	(No symbol) [0x00007FF612A660FC]
	(No symbol) [0x00007FF612AA9C56]
	(No symbol) [0x00007FF612AA1D23]
	(No symbol) [0x00007FF612A73B80]
	(No symbol) [0x00007FF612A72B0E]
	(No symbol) [0x00007FF612A74344]
	Microsoft::Applications::Events::EventProperties::SetProperty [0x00007FF612C5C3B0+182752]
	(No symbol) [0x00007FF612B30095]
	Microsoft::Applications::Events::EventProperty::EventProperty [0x00007FF612CBA6EA+42362]
	Microsoft::Applications::Events::EventProperty::EventProperty [0x00007FF612CBD425+53941]
	Microsoft::Applications::Events::ILogManager::DispatchEventBroadcast [0x00007FF612FD8AB3+1456595]
	Microsoft::Applications::Events::EventProperty::EventProperty [0x00007FF612D8276A+861690]
	Microsoft::Applications::Events::EventProperty::EventProperty [0x00007FF612D87854+882404]
	Microsoft::Applications::Events::EventProperty::EventProperty [0x00007FF612D879AC+882748]
	Microsoft::Applications::Events::EventProperty::EventProperty [0x00007FF612D9097E+919566]
	BaseThreadInitThunk [0x00007FFC47D07034+20]
	RtlUserThreadStart [0x00007FFC488226A1+33]

	at sun.reflect.NativeConstructorAccessorImpl.newInstance0(Native Method)
	at sun.reflect.NativeConstructorAccessorImpl.newInstance(NativeConstructorAccessorImpl.java:62)
	at sun.reflect.DelegatingConstructorAccessorImpl.newInstance(DelegatingConstructorAccessorImpl.java:45)
	at java.lang.reflect.Constructor.newInstance(Constructor.java:423)
	at org.openqa.selenium.remote.W3CHandshakeResponse.lambda$errorHandler$0(W3CHandshakeResponse.java:62)
	at org.openqa.selenium.remote.HandshakeResponse.lambda$getResponseFunction$0(HandshakeResponse.java:30)
	at org.openqa.selenium.remote.ProtocolHandshake.lambda$createSession$0(ProtocolHandshake.java:126)
	at java.util.stream.ReferencePipeline$3$1.accept(ReferencePipeline.java:193)
	at java.util.Spliterators$ArraySpliterator.tryAdvance(Spliterators.java:958)
	at java.util.stream.ReferencePipeline.forEachWithCancel(ReferencePipeline.java:126)
	at java.util.stream.AbstractPipeline.copyIntoWithCancel(AbstractPipeline.java:498)
	at java.util.stream.AbstractPipeline.copyInto(AbstractPipeline.java:485)
	at java.util.stream.AbstractPipeline.wrapAndCopyInto(AbstractPipeline.java:471)
	at java.util.stream.FindOps$FindOp.evaluateSequential(FindOps.java:152)
	at java.util.stream.AbstractPipeline.evaluate(AbstractPipeline.java:234)
	at java.util.stream.ReferencePipeline.findFirst(ReferencePipeline.java:464)
	at org.openqa.selenium.remote.ProtocolHandshake.createSession(ProtocolHandshake.java:128)
	at org.openqa.selenium.remote.ProtocolHandshake.createSession(ProtocolHandshake.java:74)
	at org.openqa.selenium.remote.HttpCommandExecutor.execute(HttpCommandExecutor.java:136)
	at org.openqa.selenium.remote.service.DriverCommandExecutor.execute(DriverCommandExecutor.java:83)
	at org.openqa.selenium.remote.RemoteWebDriver.execute(RemoteWebDriver.java:552)
	at org.openqa.selenium.remote.RemoteWebDriver.startSession(RemoteWebDriver.java:213)
	at org.openqa.selenium.remote.RemoteWebDriver.&lt;init&gt;(RemoteWebDriver.java:131)
	at org.openqa.selenium.edge.EdgeDriver.&lt;init&gt;(EdgeDriver.java:141)
	at org.openqa.selenium.edge.EdgeDriver.&lt;init&gt;(EdgeDriver.java:96)
	at parallel.EdgeTest.setUp(EdgeTest.java:22)
	at sun.reflect.NativeMethodAccessorImpl.invoke0(Native Method)
	at sun.reflect.NativeMethodAccessorImpl.invoke(NativeMethodAccessorImpl.java:62)
	at sun.reflect.DelegatingMethodAccessorImpl.invoke(DelegatingMethodAccessorImpl.java:43)
	at java.lang.reflect.Method.invoke(Method.java:498)
	at org.testng.internal.MethodInvocationHelper.invokeMethod(MethodInvocationHelper.java:124)
	at org.testng.internal.MethodInvocationHelper.invokeMethodConsideringTimeout(MethodInvocationHelper.java:59)
	at org.testng.internal.Invoker.invokeConfigurationMethod(Invoker.java:458)
	at org.testng.internal.Invoker.invokeConfigurations(Invoker.java:222)
	at org.testng.internal.Invoker.invokeConfigurations(Invoker.java:142)
	at org.testng.TestRunner.beforeRun(TestRunner.java:529)
	at org.testng.TestRunner.run(TestRunner.java:497)
	at org.testng.SuiteRunner.runTest(SuiteRunner.java:455)
	at org.testng.SuiteRunner.runSequentially(SuiteRunner.java:450)
	at org.testng.SuiteRunner.privateRun(SuiteRunner.java:415)
	at org.testng.SuiteRunner.run(SuiteRunner.java:364)
	at org.testng.SuiteRunnerWorker.runSuite(SuiteRunnerWorker.java:52)
	at org.testng.SuiteRunnerWorker.run(SuiteRunnerWorker.java:84)
	at org.testng.TestNG.runSuitesSequentially(TestNG.java:1208)
	at org.testng.TestNG.runSuitesLocally(TestNG.java:1137)
	at org.testng.TestNG.runSuites(TestNG.java:1049)
	at org.testng.TestNG.run(TestNG.java:1017)
	at org.testng.remote.AbstractRemoteTestNG.run(AbstractRemoteTestNG.java:115)
	at org.testng.remote.RemoteTestNG.initAndRun(RemoteTestNG.java:251)
	at org.testng.remote.RemoteTestNG.main(RemoteTestNG.java:77)
</pre></div></td>
<td>0</td>
<td>parallel.ChromeTest@1ed4004b</td></tr>
<tr>
<td title='parallel.EdgeTest.clickOrders()'><b>clickOrders</b><br>Test class: parallel.EdgeTest</td>
<td><div><pre>org.openqa.selenium.SessionNotCreatedException: session not created: This version of Microsoft Edge WebDriver only supports Microsoft Edge version 109
Current browser version is 114.0.1823.79 with binary path C:\Program Files (x86)\Microsoft\Edge\Application\msedge.exe
Build info: version: &apos;3.141.59&apos;, revision: &apos;e82be7d358&apos;, time: &apos;2018-11-14T08:17:03&apos;
System info: host: &apos;LAPTOP-J0IRR7B1&apos;, ip: &apos;192.168.0.95&apos;, os.name: &apos;Windows 10&apos;, os.arch: &apos;amd64&apos;, os.version: &apos;10.0&apos;, java.version: &apos;1.8.0_202&apos;
Driver info: driver.version: EdgeDriver
remote stacktrace: Backtrace:
	Microsoft::Applications::Events::EventProperties::SetProperty [0x00007FF612DE16C2+15186]
	Microsoft::Applications::Events::EventProperty::EventProperty [0x00007FF612D7A212+827554]
	(No symbol) [0x00007FF612A3ED90]
	(No symbol) [0x00007FF612A70231]
	(No symbol) [0x00007FF612A6AF6A]
	(No symbol) [0x00007FF612A660FC]
	(No symbol) [0x00007FF612AA9C56]
	(No symbol) [0x00007FF612AA1D23]
	(No symbol) [0x00007FF612A73B80]
	(No symbol) [0x00007FF612A72B0E]
	(No symbol) [0x00007FF612A74344]
	Microsoft::Applications::Events::EventProperties::SetProperty [0x00007FF612C5C3B0+182752]
	(No symbol) [0x00007FF612B30095]
	Microsoft::Applications::Events::EventProperty::EventProperty [0x00007FF612CBA6EA+42362]
	Microsoft::Applications::Events::EventProperty::EventProperty [0x00007FF612CBD425+53941]
	Microsoft::Applications::Events::ILogManager::DispatchEventBroadcast [0x00007FF612FD8AB3+1456595]
	Microsoft::Applications::Events::EventProperty::EventProperty [0x00007FF612D8276A+861690]
	Microsoft::Applications::Events::EventProperty::EventProperty [0x00007FF612D87854+882404]
	Microsoft::Applications::Events::EventProperty::EventProperty [0x00007FF612D879AC+882748]
	Microsoft::Applications::Events::EventProperty::EventProperty [0x00007FF612D9097E+919566]
	BaseThreadInitThunk [0x00007FFC47D07034+20]
	RtlUserThreadStart [0x00007FFC488226A1+33]

	at org.openqa.selenium.remote.W3CHandshakeResponse.lambda$errorHandler$0(W3CHandshakeResponse.java:62)
	at org.openqa.selenium.remote.HandshakeResponse.lambda$getResponseFunction$0(HandshakeResponse.java:30)
	at org.openqa.selenium.remote.ProtocolHandshake.lambda$createSession$0(ProtocolHandshake.java:126)
	at java.util.stream.ReferencePipeline$3$1.accept(ReferencePipeline.java:193)
	at java.util.Spliterators$ArraySpliterator.tryAdvance(Spliterators.java:958)
	at java.util.stream.ReferencePipeline.forEachWithCancel(ReferencePipeline.java:126)
	at java.util.stream.AbstractPipeline.copyIntoWithCancel(AbstractPipeline.java:498)
	at java.util.stream.AbstractPipeline.copyInto(AbstractPipeline.java:485)
	at java.util.stream.AbstractPipeline.wrapAndCopyInto(AbstractPipeline.java:471)
	at java.util.stream.FindOps$FindOp.evaluateSequential(FindOps.java:152)
	at java.util.stream.AbstractPipeline.evaluate(AbstractPipeline.java:234)
	at java.util.stream.ReferencePipeline.findFirst(ReferencePipeline.java:464)
	at org.openqa.selenium.remote.ProtocolHandshake.createSession(ProtocolHandshake.java:128)
	at org.openqa.selenium.remote.ProtocolHandshake.createSession(ProtocolHandshake.java:74)
	at org.openqa.selenium.remote.HttpCommandExecutor.execute(HttpCommandExecutor.java:136)
	at org.openqa.selenium.remote.service.DriverCommandExecutor.execute(DriverCommandExecutor.java:83)
	at org.openqa.selenium.remote.RemoteWebDriver.execute(RemoteWebDriver.java:552)
	at org.openqa.selenium.remote.RemoteWebDriver.startSession(RemoteWebDriver.java:213)
	at org.openqa.selenium.remote.RemoteWebDriver.&lt;init&gt;(RemoteWebDriver.java:131)
	at org.openqa.selenium.edge.EdgeDriver.&lt;init&gt;(EdgeDriver.java:141)
	at org.openqa.selenium.edge.EdgeDriver.&lt;init&gt;(EdgeDriver.java:96)
	at parallel.EdgeTest.setUp(EdgeTest.java:22)
... Removed 28 stack frames</pre></div><a href='#' onClick='toggleBox("stack-trace359254669", this, "Click to show all stack frames", "Click to hide stack frames")'>Click to show all stack frames</a>
<div class='stack-trace' id='stack-trace359254669'><pre>org.openqa.selenium.SessionNotCreatedException: session not created: This version of Microsoft Edge WebDriver only supports Microsoft Edge version 109
Current browser version is 114.0.1823.79 with binary path C:\Program Files (x86)\Microsoft\Edge\Application\msedge.exe
Build info: version: &apos;3.141.59&apos;, revision: &apos;e82be7d358&apos;, time: &apos;2018-11-14T08:17:03&apos;
System info: host: &apos;LAPTOP-J0IRR7B1&apos;, ip: &apos;192.168.0.95&apos;, os.name: &apos;Windows 10&apos;, os.arch: &apos;amd64&apos;, os.version: &apos;10.0&apos;, java.version: &apos;1.8.0_202&apos;
Driver info: driver.version: EdgeDriver
remote stacktrace: Backtrace:
	Microsoft::Applications::Events::EventProperties::SetProperty [0x00007FF612DE16C2+15186]
	Microsoft::Applications::Events::EventProperty::EventProperty [0x00007FF612D7A212+827554]
	(No symbol) [0x00007FF612A3ED90]
	(No symbol) [0x00007FF612A70231]
	(No symbol) [0x00007FF612A6AF6A]
	(No symbol) [0x00007FF612A660FC]
	(No symbol) [0x00007FF612AA9C56]
	(No symbol) [0x00007FF612AA1D23]
	(No symbol) [0x00007FF612A73B80]
	(No symbol) [0x00007FF612A72B0E]
	(No symbol) [0x00007FF612A74344]
	Microsoft::Applications::Events::EventProperties::SetProperty [0x00007FF612C5C3B0+182752]
	(No symbol) [0x00007FF612B30095]
	Microsoft::Applications::Events::EventProperty::EventProperty [0x00007FF612CBA6EA+42362]
	Microsoft::Applications::Events::EventProperty::EventProperty [0x00007FF612CBD425+53941]
	Microsoft::Applications::Events::ILogManager::DispatchEventBroadcast [0x00007FF612FD8AB3+1456595]
	Microsoft::Applications::Events::EventProperty::EventProperty [0x00007FF612D8276A+861690]
	Microsoft::Applications::Events::EventProperty::EventProperty [0x00007FF612D87854+882404]
	Microsoft::Applications::Events::EventProperty::EventProperty [0x00007FF612D879AC+882748]
	Microsoft::Applications::Events::EventProperty::EventProperty [0x00007FF612D9097E+919566]
	BaseThreadInitThunk [0x00007FFC47D07034+20]
	RtlUserThreadStart [0x00007FFC488226A1+33]

	at sun.reflect.NativeConstructorAccessorImpl.newInstance0(Native Method)
	at sun.reflect.NativeConstructorAccessorImpl.newInstance(NativeConstructorAccessorImpl.java:62)
	at sun.reflect.DelegatingConstructorAccessorImpl.newInstance(DelegatingConstructorAccessorImpl.java:45)
	at java.lang.reflect.Constructor.newInstance(Constructor.java:423)
	at org.openqa.selenium.remote.W3CHandshakeResponse.lambda$errorHandler$0(W3CHandshakeResponse.java:62)
	at org.openqa.selenium.remote.HandshakeResponse.lambda$getResponseFunction$0(HandshakeResponse.java:30)
	at org.openqa.selenium.remote.ProtocolHandshake.lambda$createSession$0(ProtocolHandshake.java:126)
	at java.util.stream.ReferencePipeline$3$1.accept(ReferencePipeline.java:193)
	at java.util.Spliterators$ArraySpliterator.tryAdvance(Spliterators.java:958)
	at java.util.stream.ReferencePipeline.forEachWithCancel(ReferencePipeline.java:126)
	at java.util.stream.AbstractPipeline.copyIntoWithCancel(AbstractPipeline.java:498)
	at java.util.stream.AbstractPipeline.copyInto(AbstractPipeline.java:485)
	at java.util.stream.AbstractPipeline.wrapAndCopyInto(AbstractPipeline.java:471)
	at java.util.stream.FindOps$FindOp.evaluateSequential(FindOps.java:152)
	at java.util.stream.AbstractPipeline.evaluate(AbstractPipeline.java:234)
	at java.util.stream.ReferencePipeline.findFirst(ReferencePipeline.java:464)
	at org.openqa.selenium.remote.ProtocolHandshake.createSession(ProtocolHandshake.java:128)
	at org.openqa.selenium.remote.ProtocolHandshake.createSession(ProtocolHandshake.java:74)
	at org.openqa.selenium.remote.HttpCommandExecutor.execute(HttpCommandExecutor.java:136)
	at org.openqa.selenium.remote.service.DriverCommandExecutor.execute(DriverCommandExecutor.java:83)
	at org.openqa.selenium.remote.RemoteWebDriver.execute(RemoteWebDriver.java:552)
	at org.openqa.selenium.remote.RemoteWebDriver.startSession(RemoteWebDriver.java:213)
	at org.openqa.selenium.remote.RemoteWebDriver.&lt;init&gt;(RemoteWebDriver.java:131)
	at org.openqa.selenium.edge.EdgeDriver.&lt;init&gt;(EdgeDriver.java:141)
	at org.openqa.selenium.edge.EdgeDriver.&lt;init&gt;(EdgeDriver.java:96)
	at parallel.EdgeTest.setUp(EdgeTest.java:22)
	at sun.reflect.NativeMethodAccessorImpl.invoke0(Native Method)
	at sun.reflect.NativeMethodAccessorImpl.invoke(NativeMethodAccessorImpl.java:62)
	at sun.reflect.DelegatingMethodAccessorImpl.invoke(DelegatingMethodAccessorImpl.java:43)
	at java.lang.reflect.Method.invoke(Method.java:498)
	at org.testng.internal.MethodInvocationHelper.invokeMethod(MethodInvocationHelper.java:124)
	at org.testng.internal.MethodInvocationHelper.invokeMethodConsideringTimeout(MethodInvocationHelper.java:59)
	at org.testng.internal.Invoker.invokeConfigurationMethod(Invoker.java:458)
	at org.testng.internal.Invoker.invokeConfigurations(Invoker.java:222)
	at org.testng.internal.Invoker.invokeConfigurations(Invoker.java:142)
	at org.testng.TestRunner.beforeRun(TestRunner.java:529)
	at org.testng.TestRunner.run(TestRunner.java:497)
	at org.testng.SuiteRunner.runTest(SuiteRunner.java:455)
	at org.testng.SuiteRunner.runSequentially(SuiteRunner.java:450)
	at org.testng.SuiteRunner.privateRun(SuiteRunner.java:415)
	at org.testng.SuiteRunner.run(SuiteRunner.java:364)
	at org.testng.SuiteRunnerWorker.runSuite(SuiteRunnerWorker.java:52)
	at org.testng.SuiteRunnerWorker.run(SuiteRunnerWorker.java:84)
	at org.testng.TestNG.runSuitesSequentially(TestNG.java:1208)
	at org.testng.TestNG.runSuitesLocally(TestNG.java:1137)
	at org.testng.TestNG.runSuites(TestNG.java:1049)
	at org.testng.TestNG.run(TestNG.java:1017)
	at org.testng.remote.AbstractRemoteTestNG.run(AbstractRemoteTestNG.java:115)
	at org.testng.remote.RemoteTestNG.initAndRun(RemoteTestNG.java:251)
	at org.testng.remote.RemoteTestNG.main(RemoteTestNG.java:77)
</pre></div></td>
<td>0</td>
<td>parallel.EdgeTest@25bbe1b6</td></tr>
<tr>
<td title='parallel.FirefoxTest.testTitle()'><b>testTitle</b><br>Test class: parallel.FirefoxTest</td>
<td><div><pre>org.openqa.selenium.SessionNotCreatedException: session not created: This version of Microsoft Edge WebDriver only supports Microsoft Edge version 109
Current browser version is 114.0.1823.79 with binary path C:\Program Files (x86)\Microsoft\Edge\Application\msedge.exe
Build info: version: &apos;3.141.59&apos;, revision: &apos;e82be7d358&apos;, time: &apos;2018-11-14T08:17:03&apos;
System info: host: &apos;LAPTOP-J0IRR7B1&apos;, ip: &apos;192.168.0.95&apos;, os.name: &apos;Windows 10&apos;, os.arch: &apos;amd64&apos;, os.version: &apos;10.0&apos;, java.version: &apos;1.8.0_202&apos;
Driver info: driver.version: EdgeDriver
remote stacktrace: Backtrace:
	Microsoft::Applications::Events::EventProperties::SetProperty [0x00007FF612DE16C2+15186]
	Microsoft::Applications::Events::EventProperty::EventProperty [0x00007FF612D7A212+827554]
	(No symbol) [0x00007FF612A3ED90]
	(No symbol) [0x00007FF612A70231]
	(No symbol) [0x00007FF612A6AF6A]
	(No symbol) [0x00007FF612A660FC]
	(No symbol) [0x00007FF612AA9C56]
	(No symbol) [0x00007FF612AA1D23]
	(No symbol) [0x00007FF612A73B80]
	(No symbol) [0x00007FF612A72B0E]
	(No symbol) [0x00007FF612A74344]
	Microsoft::Applications::Events::EventProperties::SetProperty [0x00007FF612C5C3B0+182752]
	(No symbol) [0x00007FF612B30095]
	Microsoft::Applications::Events::EventProperty::EventProperty [0x00007FF612CBA6EA+42362]
	Microsoft::Applications::Events::EventProperty::EventProperty [0x00007FF612CBD425+53941]
	Microsoft::Applications::Events::ILogManager::DispatchEventBroadcast [0x00007FF612FD8AB3+1456595]
	Microsoft::Applications::Events::EventProperty::EventProperty [0x00007FF612D8276A+861690]
	Microsoft::Applications::Events::EventProperty::EventProperty [0x00007FF612D87854+882404]
	Microsoft::Applications::Events::EventProperty::EventProperty [0x00007FF612D879AC+882748]
	Microsoft::Applications::Events::EventProperty::EventProperty [0x00007FF612D9097E+919566]
	BaseThreadInitThunk [0x00007FFC47D07034+20]
	RtlUserThreadStart [0x00007FFC488226A1+33]

	at org.openqa.selenium.remote.W3CHandshakeResponse.lambda$errorHandler$0(W3CHandshakeResponse.java:62)
	at org.openqa.selenium.remote.HandshakeResponse.lambda$getResponseFunction$0(HandshakeResponse.java:30)
	at org.openqa.selenium.remote.ProtocolHandshake.lambda$createSession$0(ProtocolHandshake.java:126)
	at java.util.stream.ReferencePipeline$3$1.accept(ReferencePipeline.java:193)
	at java.util.Spliterators$ArraySpliterator.tryAdvance(Spliterators.java:958)
	at java.util.stream.ReferencePipeline.forEachWithCancel(ReferencePipeline.java:126)
	at java.util.stream.AbstractPipeline.copyIntoWithCancel(AbstractPipeline.java:498)
	at java.util.stream.AbstractPipeline.copyInto(AbstractPipeline.java:485)
	at java.util.stream.AbstractPipeline.wrapAndCopyInto(AbstractPipeline.java:471)
	at java.util.stream.FindOps$FindOp.evaluateSequential(FindOps.java:152)
	at java.util.stream.AbstractPipeline.evaluate(AbstractPipeline.java:234)
	at java.util.stream.ReferencePipeline.findFirst(ReferencePipeline.java:464)
	at org.openqa.selenium.remote.ProtocolHandshake.createSession(ProtocolHandshake.java:128)
	at org.openqa.selenium.remote.ProtocolHandshake.createSession(ProtocolHandshake.java:74)
	at org.openqa.selenium.remote.HttpCommandExecutor.execute(HttpCommandExecutor.java:136)
	at org.openqa.selenium.remote.service.DriverCommandExecutor.execute(DriverCommandExecutor.java:83)
	at org.openqa.selenium.remote.RemoteWebDriver.execute(RemoteWebDriver.java:552)
	at org.openqa.selenium.remote.RemoteWebDriver.startSession(RemoteWebDriver.java:213)
	at org.openqa.selenium.remote.RemoteWebDriver.&lt;init&gt;(RemoteWebDriver.java:131)
	at org.openqa.selenium.edge.EdgeDriver.&lt;init&gt;(EdgeDriver.java:141)
	at org.openqa.selenium.edge.EdgeDriver.&lt;init&gt;(EdgeDriver.java:96)
	at parallel.EdgeTest.setUp(EdgeTest.java:22)
... Removed 28 stack frames</pre></div><a href='#' onClick='toggleBox("stack-trace54771433", this, "Click to show all stack frames", "Click to hide stack frames")'>Click to show all stack frames</a>
<div class='stack-trace' id='stack-trace54771433'><pre>org.openqa.selenium.SessionNotCreatedException: session not created: This version of Microsoft Edge WebDriver only supports Microsoft Edge version 109
Current browser version is 114.0.1823.79 with binary path C:\Program Files (x86)\Microsoft\Edge\Application\msedge.exe
Build info: version: &apos;3.141.59&apos;, revision: &apos;e82be7d358&apos;, time: &apos;2018-11-14T08:17:03&apos;
System info: host: &apos;LAPTOP-J0IRR7B1&apos;, ip: &apos;192.168.0.95&apos;, os.name: &apos;Windows 10&apos;, os.arch: &apos;amd64&apos;, os.version: &apos;10.0&apos;, java.version: &apos;1.8.0_202&apos;
Driver info: driver.version: EdgeDriver
remote stacktrace: Backtrace:
	Microsoft::Applications::Events::EventProperties::SetProperty [0x00007FF612DE16C2+15186]
	Microsoft::Applications::Events::EventProperty::EventProperty [0x00007FF612D7A212+827554]
	(No symbol) [0x00007FF612A3ED90]
	(No symbol) [0x00007FF612A70231]
	(No symbol) [0x00007FF612A6AF6A]
	(No symbol) [0x00007FF612A660FC]
	(No symbol) [0x00007FF612AA9C56]
	(No symbol) [0x00007FF612AA1D23]
	(No symbol) [0x00007FF612A73B80]
	(No symbol) [0x00007FF612A72B0E]
	(No symbol) [0x00007FF612A74344]
	Microsoft::Applications::Events::EventProperties::SetProperty [0x00007FF612C5C3B0+182752]
	(No symbol) [0x00007FF612B30095]
	Microsoft::Applications::Events::EventProperty::EventProperty [0x00007FF612CBA6EA+42362]
	Microsoft::Applications::Events::EventProperty::EventProperty [0x00007FF612CBD425+53941]
	Microsoft::Applications::Events::ILogManager::DispatchEventBroadcast [0x00007FF612FD8AB3+1456595]
	Microsoft::Applications::Events::EventProperty::EventProperty [0x00007FF612D8276A+861690]
	Microsoft::Applications::Events::EventProperty::EventProperty [0x00007FF612D87854+882404]
	Microsoft::Applications::Events::EventProperty::EventProperty [0x00007FF612D879AC+882748]
	Microsoft::Applications::Events::EventProperty::EventProperty [0x00007FF612D9097E+919566]
	BaseThreadInitThunk [0x00007FFC47D07034+20]
	RtlUserThreadStart [0x00007FFC488226A1+33]

	at sun.reflect.NativeConstructorAccessorImpl.newInstance0(Native Method)
	at sun.reflect.NativeConstructorAccessorImpl.newInstance(NativeConstructorAccessorImpl.java:62)
	at sun.reflect.DelegatingConstructorAccessorImpl.newInstance(DelegatingConstructorAccessorImpl.java:45)
	at java.lang.reflect.Constructor.newInstance(Constructor.java:423)
	at org.openqa.selenium.remote.W3CHandshakeResponse.lambda$errorHandler$0(W3CHandshakeResponse.java:62)
	at org.openqa.selenium.remote.HandshakeResponse.lambda$getResponseFunction$0(HandshakeResponse.java:30)
	at org.openqa.selenium.remote.ProtocolHandshake.lambda$createSession$0(ProtocolHandshake.java:126)
	at java.util.stream.ReferencePipeline$3$1.accept(ReferencePipeline.java:193)
	at java.util.Spliterators$ArraySpliterator.tryAdvance(Spliterators.java:958)
	at java.util.stream.ReferencePipeline.forEachWithCancel(ReferencePipeline.java:126)
	at java.util.stream.AbstractPipeline.copyIntoWithCancel(AbstractPipeline.java:498)
	at java.util.stream.AbstractPipeline.copyInto(AbstractPipeline.java:485)
	at java.util.stream.AbstractPipeline.wrapAndCopyInto(AbstractPipeline.java:471)
	at java.util.stream.FindOps$FindOp.evaluateSequential(FindOps.java:152)
	at java.util.stream.AbstractPipeline.evaluate(AbstractPipeline.java:234)
	at java.util.stream.ReferencePipeline.findFirst(ReferencePipeline.java:464)
	at org.openqa.selenium.remote.ProtocolHandshake.createSession(ProtocolHandshake.java:128)
	at org.openqa.selenium.remote.ProtocolHandshake.createSession(ProtocolHandshake.java:74)
	at org.openqa.selenium.remote.HttpCommandExecutor.execute(HttpCommandExecutor.java:136)
	at org.openqa.selenium.remote.service.DriverCommandExecutor.execute(DriverCommandExecutor.java:83)
	at org.openqa.selenium.remote.RemoteWebDriver.execute(RemoteWebDriver.java:552)
	at org.openqa.selenium.remote.RemoteWebDriver.startSession(RemoteWebDriver.java:213)
	at org.openqa.selenium.remote.RemoteWebDriver.&lt;init&gt;(RemoteWebDriver.java:131)
	at org.openqa.selenium.edge.EdgeDriver.&lt;init&gt;(EdgeDriver.java:141)
	at org.openqa.selenium.edge.EdgeDriver.&lt;init&gt;(EdgeDriver.java:96)
	at parallel.EdgeTest.setUp(EdgeTest.java:22)
	at sun.reflect.NativeMethodAccessorImpl.invoke0(Native Method)
	at sun.reflect.NativeMethodAccessorImpl.invoke(NativeMethodAccessorImpl.java:62)
	at sun.reflect.DelegatingMethodAccessorImpl.invoke(DelegatingMethodAccessorImpl.java:43)
	at java.lang.reflect.Method.invoke(Method.java:498)
	at org.testng.internal.MethodInvocationHelper.invokeMethod(MethodInvocationHelper.java:124)
	at org.testng.internal.MethodInvocationHelper.invokeMethodConsideringTimeout(MethodInvocationHelper.java:59)
	at org.testng.internal.Invoker.invokeConfigurationMethod(Invoker.java:458)
	at org.testng.internal.Invoker.invokeConfigurations(Invoker.java:222)
	at org.testng.internal.Invoker.invokeConfigurations(Invoker.java:142)
	at org.testng.TestRunner.beforeRun(TestRunner.java:529)
	at org.testng.TestRunner.run(TestRunner.java:497)
	at org.testng.SuiteRunner.runTest(SuiteRunner.java:455)
	at org.testng.SuiteRunner.runSequentially(SuiteRunner.java:450)
	at org.testng.SuiteRunner.privateRun(SuiteRunner.java:415)
	at org.testng.SuiteRunner.run(SuiteRunner.java:364)
	at org.testng.SuiteRunnerWorker.runSuite(SuiteRunnerWorker.java:52)
	at org.testng.SuiteRunnerWorker.run(SuiteRunnerWorker.java:84)
	at org.testng.TestNG.runSuitesSequentially(TestNG.java:1208)
	at org.testng.TestNG.runSuitesLocally(TestNG.java:1137)
	at org.testng.TestNG.runSuites(TestNG.java:1049)
	at org.testng.TestNG.run(TestNG.java:1017)
	at org.testng.remote.AbstractRemoteTestNG.run(AbstractRemoteTestNG.java:115)
	at org.testng.remote.RemoteTestNG.initAndRun(RemoteTestNG.java:251)
	at org.testng.remote.RemoteTestNG.main(RemoteTestNG.java:77)
</pre></div></td>
<td>0</td>
<td>parallel.FirefoxTest@ff5b51f</td></tr>
<tr>
<td title='parallel.ChromeTest.testTitle()'><b>testTitle</b><br>Test class: parallel.ChromeTest</td>
<td><div><pre>org.openqa.selenium.SessionNotCreatedException: session not created: This version of Microsoft Edge WebDriver only supports Microsoft Edge version 109
Current browser version is 114.0.1823.79 with binary path C:\Program Files (x86)\Microsoft\Edge\Application\msedge.exe
Build info: version: &apos;3.141.59&apos;, revision: &apos;e82be7d358&apos;, time: &apos;2018-11-14T08:17:03&apos;
System info: host: &apos;LAPTOP-J0IRR7B1&apos;, ip: &apos;192.168.0.95&apos;, os.name: &apos;Windows 10&apos;, os.arch: &apos;amd64&apos;, os.version: &apos;10.0&apos;, java.version: &apos;1.8.0_202&apos;
Driver info: driver.version: EdgeDriver
remote stacktrace: Backtrace:
	Microsoft::Applications::Events::EventProperties::SetProperty [0x00007FF612DE16C2+15186]
	Microsoft::Applications::Events::EventProperty::EventProperty [0x00007FF612D7A212+827554]
	(No symbol) [0x00007FF612A3ED90]
	(No symbol) [0x00007FF612A70231]
	(No symbol) [0x00007FF612A6AF6A]
	(No symbol) [0x00007FF612A660FC]
	(No symbol) [0x00007FF612AA9C56]
	(No symbol) [0x00007FF612AA1D23]
	(No symbol) [0x00007FF612A73B80]
	(No symbol) [0x00007FF612A72B0E]
	(No symbol) [0x00007FF612A74344]
	Microsoft::Applications::Events::EventProperties::SetProperty [0x00007FF612C5C3B0+182752]
	(No symbol) [0x00007FF612B30095]
	Microsoft::Applications::Events::EventProperty::EventProperty [0x00007FF612CBA6EA+42362]
	Microsoft::Applications::Events::EventProperty::EventProperty [0x00007FF612CBD425+53941]
	Microsoft::Applications::Events::ILogManager::DispatchEventBroadcast [0x00007FF612FD8AB3+1456595]
	Microsoft::Applications::Events::EventProperty::EventProperty [0x00007FF612D8276A+861690]
	Microsoft::Applications::Events::EventProperty::EventProperty [0x00007FF612D87854+882404]
	Microsoft::Applications::Events::EventProperty::EventProperty [0x00007FF612D879AC+882748]
	Microsoft::Applications::Events::EventProperty::EventProperty [0x00007FF612D9097E+919566]
	BaseThreadInitThunk [0x00007FFC47D07034+20]
	RtlUserThreadStart [0x00007FFC488226A1+33]

	at org.openqa.selenium.remote.W3CHandshakeResponse.lambda$errorHandler$0(W3CHandshakeResponse.java:62)
	at org.openqa.selenium.remote.HandshakeResponse.lambda$getResponseFunction$0(HandshakeResponse.java:30)
	at org.openqa.selenium.remote.ProtocolHandshake.lambda$createSession$0(ProtocolHandshake.java:126)
	at java.util.stream.ReferencePipeline$3$1.accept(ReferencePipeline.java:193)
	at java.util.Spliterators$ArraySpliterator.tryAdvance(Spliterators.java:958)
	at java.util.stream.ReferencePipeline.forEachWithCancel(ReferencePipeline.java:126)
	at java.util.stream.AbstractPipeline.copyIntoWithCancel(AbstractPipeline.java:498)
	at java.util.stream.AbstractPipeline.copyInto(AbstractPipeline.java:485)
	at java.util.stream.AbstractPipeline.wrapAndCopyInto(AbstractPipeline.java:471)
	at java.util.stream.FindOps$FindOp.evaluateSequential(FindOps.java:152)
	at java.util.stream.AbstractPipeline.evaluate(AbstractPipeline.java:234)
	at java.util.stream.ReferencePipeline.findFirst(ReferencePipeline.java:464)
	at org.openqa.selenium.remote.ProtocolHandshake.createSession(ProtocolHandshake.java:128)
	at org.openqa.selenium.remote.ProtocolHandshake.createSession(ProtocolHandshake.java:74)
	at org.openqa.selenium.remote.HttpCommandExecutor.execute(HttpCommandExecutor.java:136)
	at org.openqa.selenium.remote.service.DriverCommandExecutor.execute(DriverCommandExecutor.java:83)
	at org.openqa.selenium.remote.RemoteWebDriver.execute(RemoteWebDriver.java:552)
	at org.openqa.selenium.remote.RemoteWebDriver.startSession(RemoteWebDriver.java:213)
	at org.openqa.selenium.remote.RemoteWebDriver.&lt;init&gt;(RemoteWebDriver.java:131)
	at org.openqa.selenium.edge.EdgeDriver.&lt;init&gt;(EdgeDriver.java:141)
	at org.openqa.selenium.edge.EdgeDriver.&lt;init&gt;(EdgeDriver.java:96)
	at parallel.EdgeTest.setUp(EdgeTest.java:22)
... Removed 28 stack frames</pre></div><a href='#' onClick='toggleBox("stack-trace1204246756", this, "Click to show all stack frames", "Click to hide stack frames")'>Click to show all stack frames</a>
<div class='stack-trace' id='stack-trace1204246756'><pre>org.openqa.selenium.SessionNotCreatedException: session not created: This version of Microsoft Edge WebDriver only supports Microsoft Edge version 109
Current browser version is 114.0.1823.79 with binary path C:\Program Files (x86)\Microsoft\Edge\Application\msedge.exe
Build info: version: &apos;3.141.59&apos;, revision: &apos;e82be7d358&apos;, time: &apos;2018-11-14T08:17:03&apos;
System info: host: &apos;LAPTOP-J0IRR7B1&apos;, ip: &apos;192.168.0.95&apos;, os.name: &apos;Windows 10&apos;, os.arch: &apos;amd64&apos;, os.version: &apos;10.0&apos;, java.version: &apos;1.8.0_202&apos;
Driver info: driver.version: EdgeDriver
remote stacktrace: Backtrace:
	Microsoft::Applications::Events::EventProperties::SetProperty [0x00007FF612DE16C2+15186]
	Microsoft::Applications::Events::EventProperty::EventProperty [0x00007FF612D7A212+827554]
	(No symbol) [0x00007FF612A3ED90]
	(No symbol) [0x00007FF612A70231]
	(No symbol) [0x00007FF612A6AF6A]
	(No symbol) [0x00007FF612A660FC]
	(No symbol) [0x00007FF612AA9C56]
	(No symbol) [0x00007FF612AA1D23]
	(No symbol) [0x00007FF612A73B80]
	(No symbol) [0x00007FF612A72B0E]
	(No symbol) [0x00007FF612A74344]
	Microsoft::Applications::Events::EventProperties::SetProperty [0x00007FF612C5C3B0+182752]
	(No symbol) [0x00007FF612B30095]
	Microsoft::Applications::Events::EventProperty::EventProperty [0x00007FF612CBA6EA+42362]
	Microsoft::Applications::Events::EventProperty::EventProperty [0x00007FF612CBD425+53941]
	Microsoft::Applications::Events::ILogManager::DispatchEventBroadcast [0x00007FF612FD8AB3+1456595]
	Microsoft::Applications::Events::EventProperty::EventProperty [0x00007FF612D8276A+861690]
	Microsoft::Applications::Events::EventProperty::EventProperty [0x00007FF612D87854+882404]
	Microsoft::Applications::Events::EventProperty::EventProperty [0x00007FF612D879AC+882748]
	Microsoft::Applications::Events::EventProperty::EventProperty [0x00007FF612D9097E+919566]
	BaseThreadInitThunk [0x00007FFC47D07034+20]
	RtlUserThreadStart [0x00007FFC488226A1+33]

	at sun.reflect.NativeConstructorAccessorImpl.newInstance0(Native Method)
	at sun.reflect.NativeConstructorAccessorImpl.newInstance(NativeConstructorAccessorImpl.java:62)
	at sun.reflect.DelegatingConstructorAccessorImpl.newInstance(DelegatingConstructorAccessorImpl.java:45)
	at java.lang.reflect.Constructor.newInstance(Constructor.java:423)
	at org.openqa.selenium.remote.W3CHandshakeResponse.lambda$errorHandler$0(W3CHandshakeResponse.java:62)
	at org.openqa.selenium.remote.HandshakeResponse.lambda$getResponseFunction$0(HandshakeResponse.java:30)
	at org.openqa.selenium.remote.ProtocolHandshake.lambda$createSession$0(ProtocolHandshake.java:126)
	at java.util.stream.ReferencePipeline$3$1.accept(ReferencePipeline.java:193)
	at java.util.Spliterators$ArraySpliterator.tryAdvance(Spliterators.java:958)
	at java.util.stream.ReferencePipeline.forEachWithCancel(ReferencePipeline.java:126)
	at java.util.stream.AbstractPipeline.copyIntoWithCancel(AbstractPipeline.java:498)
	at java.util.stream.AbstractPipeline.copyInto(AbstractPipeline.java:485)
	at java.util.stream.AbstractPipeline.wrapAndCopyInto(AbstractPipeline.java:471)
	at java.util.stream.FindOps$FindOp.evaluateSequential(FindOps.java:152)
	at java.util.stream.AbstractPipeline.evaluate(AbstractPipeline.java:234)
	at java.util.stream.ReferencePipeline.findFirst(ReferencePipeline.java:464)
	at org.openqa.selenium.remote.ProtocolHandshake.createSession(ProtocolHandshake.java:128)
	at org.openqa.selenium.remote.ProtocolHandshake.createSession(ProtocolHandshake.java:74)
	at org.openqa.selenium.remote.HttpCommandExecutor.execute(HttpCommandExecutor.java:136)
	at org.openqa.selenium.remote.service.DriverCommandExecutor.execute(DriverCommandExecutor.java:83)
	at org.openqa.selenium.remote.RemoteWebDriver.execute(RemoteWebDriver.java:552)
	at org.openqa.selenium.remote.RemoteWebDriver.startSession(RemoteWebDriver.java:213)
	at org.openqa.selenium.remote.RemoteWebDriver.&lt;init&gt;(RemoteWebDriver.java:131)
	at org.openqa.selenium.edge.EdgeDriver.&lt;init&gt;(EdgeDriver.java:141)
	at org.openqa.selenium.edge.EdgeDriver.&lt;init&gt;(EdgeDriver.java:96)
	at parallel.EdgeTest.setUp(EdgeTest.java:22)
	at sun.reflect.NativeMethodAccessorImpl.invoke0(Native Method)
	at sun.reflect.NativeMethodAccessorImpl.invoke(NativeMethodAccessorImpl.java:62)
	at sun.reflect.DelegatingMethodAccessorImpl.invoke(DelegatingMethodAccessorImpl.java:43)
	at java.lang.reflect.Method.invoke(Method.java:498)
	at org.testng.internal.MethodInvocationHelper.invokeMethod(MethodInvocationHelper.java:124)
	at org.testng.internal.MethodInvocationHelper.invokeMethodConsideringTimeout(MethodInvocationHelper.java:59)
	at org.testng.internal.Invoker.invokeConfigurationMethod(Invoker.java:458)
	at org.testng.internal.Invoker.invokeConfigurations(Invoker.java:222)
	at org.testng.internal.Invoker.invokeConfigurations(Invoker.java:142)
	at org.testng.TestRunner.beforeRun(TestRunner.java:529)
	at org.testng.TestRunner.run(TestRunner.java:497)
	at org.testng.SuiteRunner.runTest(SuiteRunner.java:455)
	at org.testng.SuiteRunner.runSequentially(SuiteRunner.java:450)
	at org.testng.SuiteRunner.privateRun(SuiteRunner.java:415)
	at org.testng.SuiteRunner.run(SuiteRunner.java:364)
	at org.testng.SuiteRunnerWorker.runSuite(SuiteRunnerWorker.java:52)
	at org.testng.SuiteRunnerWorker.run(SuiteRunnerWorker.java:84)
	at org.testng.TestNG.runSuitesSequentially(TestNG.java:1208)
	at org.testng.TestNG.runSuitesLocally(TestNG.java:1137)
	at org.testng.TestNG.runSuites(TestNG.java:1049)
	at org.testng.TestNG.run(TestNG.java:1017)
	at org.testng.remote.AbstractRemoteTestNG.run(AbstractRemoteTestNG.java:115)
	at org.testng.remote.RemoteTestNG.initAndRun(RemoteTestNG.java:251)
	at org.testng.remote.RemoteTestNG.main(RemoteTestNG.java:77)
</pre></div></td>
<td>0</td>
<td>parallel.ChromeTest@1ed4004b</td></tr>
<tr>
<td title='parallel.EdgeTest.testTitle()'><b>testTitle</b><br>Test class: parallel.EdgeTest</td>
<td><div><pre>org.openqa.selenium.SessionNotCreatedException: session not created: This version of Microsoft Edge WebDriver only supports Microsoft Edge version 109
Current browser version is 114.0.1823.79 with binary path C:\Program Files (x86)\Microsoft\Edge\Application\msedge.exe
Build info: version: &apos;3.141.59&apos;, revision: &apos;e82be7d358&apos;, time: &apos;2018-11-14T08:17:03&apos;
System info: host: &apos;LAPTOP-J0IRR7B1&apos;, ip: &apos;192.168.0.95&apos;, os.name: &apos;Windows 10&apos;, os.arch: &apos;amd64&apos;, os.version: &apos;10.0&apos;, java.version: &apos;1.8.0_202&apos;
Driver info: driver.version: EdgeDriver
remote stacktrace: Backtrace:
	Microsoft::Applications::Events::EventProperties::SetProperty [0x00007FF612DE16C2+15186]
	Microsoft::Applications::Events::EventProperty::EventProperty [0x00007FF612D7A212+827554]
	(No symbol) [0x00007FF612A3ED90]
	(No symbol) [0x00007FF612A70231]
	(No symbol) [0x00007FF612A6AF6A]
	(No symbol) [0x00007FF612A660FC]
	(No symbol) [0x00007FF612AA9C56]
	(No symbol) [0x00007FF612AA1D23]
	(No symbol) [0x00007FF612A73B80]
	(No symbol) [0x00007FF612A72B0E]
	(No symbol) [0x00007FF612A74344]
	Microsoft::Applications::Events::EventProperties::SetProperty [0x00007FF612C5C3B0+182752]
	(No symbol) [0x00007FF612B30095]
	Microsoft::Applications::Events::EventProperty::EventProperty [0x00007FF612CBA6EA+42362]
	Microsoft::Applications::Events::EventProperty::EventProperty [0x00007FF612CBD425+53941]
	Microsoft::Applications::Events::ILogManager::DispatchEventBroadcast [0x00007FF612FD8AB3+1456595]
	Microsoft::Applications::Events::EventProperty::EventProperty [0x00007FF612D8276A+861690]
	Microsoft::Applications::Events::EventProperty::EventProperty [0x00007FF612D87854+882404]
	Microsoft::Applications::Events::EventProperty::EventProperty [0x00007FF612D879AC+882748]
	Microsoft::Applications::Events::EventProperty::EventProperty [0x00007FF612D9097E+919566]
	BaseThreadInitThunk [0x00007FFC47D07034+20]
	RtlUserThreadStart [0x00007FFC488226A1+33]

	at org.openqa.selenium.remote.W3CHandshakeResponse.lambda$errorHandler$0(W3CHandshakeResponse.java:62)
	at org.openqa.selenium.remote.HandshakeResponse.lambda$getResponseFunction$0(HandshakeResponse.java:30)
	at org.openqa.selenium.remote.ProtocolHandshake.lambda$createSession$0(ProtocolHandshake.java:126)
	at java.util.stream.ReferencePipeline$3$1.accept(ReferencePipeline.java:193)
	at java.util.Spliterators$ArraySpliterator.tryAdvance(Spliterators.java:958)
	at java.util.stream.ReferencePipeline.forEachWithCancel(ReferencePipeline.java:126)
	at java.util.stream.AbstractPipeline.copyIntoWithCancel(AbstractPipeline.java:498)
	at java.util.stream.AbstractPipeline.copyInto(AbstractPipeline.java:485)
	at java.util.stream.AbstractPipeline.wrapAndCopyInto(AbstractPipeline.java:471)
	at java.util.stream.FindOps$FindOp.evaluateSequential(FindOps.java:152)
	at java.util.stream.AbstractPipeline.evaluate(AbstractPipeline.java:234)
	at java.util.stream.ReferencePipeline.findFirst(ReferencePipeline.java:464)
	at org.openqa.selenium.remote.ProtocolHandshake.createSession(ProtocolHandshake.java:128)
	at org.openqa.selenium.remote.ProtocolHandshake.createSession(ProtocolHandshake.java:74)
	at org.openqa.selenium.remote.HttpCommandExecutor.execute(HttpCommandExecutor.java:136)
	at org.openqa.selenium.remote.service.DriverCommandExecutor.execute(DriverCommandExecutor.java:83)
	at org.openqa.selenium.remote.RemoteWebDriver.execute(RemoteWebDriver.java:552)
	at org.openqa.selenium.remote.RemoteWebDriver.startSession(RemoteWebDriver.java:213)
	at org.openqa.selenium.remote.RemoteWebDriver.&lt;init&gt;(RemoteWebDriver.java:131)
	at org.openqa.selenium.edge.EdgeDriver.&lt;init&gt;(EdgeDriver.java:141)
	at org.openqa.selenium.edge.EdgeDriver.&lt;init&gt;(EdgeDriver.java:96)
	at parallel.EdgeTest.setUp(EdgeTest.java:22)
... Removed 28 stack frames</pre></div><a href='#' onClick='toggleBox("stack-trace1514615410", this, "Click to show all stack frames", "Click to hide stack frames")'>Click to show all stack frames</a>
<div class='stack-trace' id='stack-trace1514615410'><pre>org.openqa.selenium.SessionNotCreatedException: session not created: This version of Microsoft Edge WebDriver only supports Microsoft Edge version 109
Current browser version is 114.0.1823.79 with binary path C:\Program Files (x86)\Microsoft\Edge\Application\msedge.exe
Build info: version: &apos;3.141.59&apos;, revision: &apos;e82be7d358&apos;, time: &apos;2018-11-14T08:17:03&apos;
System info: host: &apos;LAPTOP-J0IRR7B1&apos;, ip: &apos;192.168.0.95&apos;, os.name: &apos;Windows 10&apos;, os.arch: &apos;amd64&apos;, os.version: &apos;10.0&apos;, java.version: &apos;1.8.0_202&apos;
Driver info: driver.version: EdgeDriver
remote stacktrace: Backtrace:
	Microsoft::Applications::Events::EventProperties::SetProperty [0x00007FF612DE16C2+15186]
	Microsoft::Applications::Events::EventProperty::EventProperty [0x00007FF612D7A212+827554]
	(No symbol) [0x00007FF612A3ED90]
	(No symbol) [0x00007FF612A70231]
	(No symbol) [0x00007FF612A6AF6A]
	(No symbol) [0x00007FF612A660FC]
	(No symbol) [0x00007FF612AA9C56]
	(No symbol) [0x00007FF612AA1D23]
	(No symbol) [0x00007FF612A73B80]
	(No symbol) [0x00007FF612A72B0E]
	(No symbol) [0x00007FF612A74344]
	Microsoft::Applications::Events::EventProperties::SetProperty [0x00007FF612C5C3B0+182752]
	(No symbol) [0x00007FF612B30095]
	Microsoft::Applications::Events::EventProperty::EventProperty [0x00007FF612CBA6EA+42362]
	Microsoft::Applications::Events::EventProperty::EventProperty [0x00007FF612CBD425+53941]
	Microsoft::Applications::Events::ILogManager::DispatchEventBroadcast [0x00007FF612FD8AB3+1456595]
	Microsoft::Applications::Events::EventProperty::EventProperty [0x00007FF612D8276A+861690]
	Microsoft::Applications::Events::EventProperty::EventProperty [0x00007FF612D87854+882404]
	Microsoft::Applications::Events::EventProperty::EventProperty [0x00007FF612D879AC+882748]
	Microsoft::Applications::Events::EventProperty::EventProperty [0x00007FF612D9097E+919566]
	BaseThreadInitThunk [0x00007FFC47D07034+20]
	RtlUserThreadStart [0x00007FFC488226A1+33]

	at sun.reflect.NativeConstructorAccessorImpl.newInstance0(Native Method)
	at sun.reflect.NativeConstructorAccessorImpl.newInstance(NativeConstructorAccessorImpl.java:62)
	at sun.reflect.DelegatingConstructorAccessorImpl.newInstance(DelegatingConstructorAccessorImpl.java:45)
	at java.lang.reflect.Constructor.newInstance(Constructor.java:423)
	at org.openqa.selenium.remote.W3CHandshakeResponse.lambda$errorHandler$0(W3CHandshakeResponse.java:62)
	at org.openqa.selenium.remote.HandshakeResponse.lambda$getResponseFunction$0(HandshakeResponse.java:30)
	at org.openqa.selenium.remote.ProtocolHandshake.lambda$createSession$0(ProtocolHandshake.java:126)
	at java.util.stream.ReferencePipeline$3$1.accept(ReferencePipeline.java:193)
	at java.util.Spliterators$ArraySpliterator.tryAdvance(Spliterators.java:958)
	at java.util.stream.ReferencePipeline.forEachWithCancel(ReferencePipeline.java:126)
	at java.util.stream.AbstractPipeline.copyIntoWithCancel(AbstractPipeline.java:498)
	at java.util.stream.AbstractPipeline.copyInto(AbstractPipeline.java:485)
	at java.util.stream.AbstractPipeline.wrapAndCopyInto(AbstractPipeline.java:471)
	at java.util.stream.FindOps$FindOp.evaluateSequential(FindOps.java:152)
	at java.util.stream.AbstractPipeline.evaluate(AbstractPipeline.java:234)
	at java.util.stream.ReferencePipeline.findFirst(ReferencePipeline.java:464)
	at org.openqa.selenium.remote.ProtocolHandshake.createSession(ProtocolHandshake.java:128)
	at org.openqa.selenium.remote.ProtocolHandshake.createSession(ProtocolHandshake.java:74)
	at org.openqa.selenium.remote.HttpCommandExecutor.execute(HttpCommandExecutor.java:136)
	at org.openqa.selenium.remote.service.DriverCommandExecutor.execute(DriverCommandExecutor.java:83)
	at org.openqa.selenium.remote.RemoteWebDriver.execute(RemoteWebDriver.java:552)
	at org.openqa.selenium.remote.RemoteWebDriver.startSession(RemoteWebDriver.java:213)
	at org.openqa.selenium.remote.RemoteWebDriver.&lt;init&gt;(RemoteWebDriver.java:131)
	at org.openqa.selenium.edge.EdgeDriver.&lt;init&gt;(EdgeDriver.java:141)
	at org.openqa.selenium.edge.EdgeDriver.&lt;init&gt;(EdgeDriver.java:96)
	at parallel.EdgeTest.setUp(EdgeTest.java:22)
	at sun.reflect.NativeMethodAccessorImpl.invoke0(Native Method)
	at sun.reflect.NativeMethodAccessorImpl.invoke(NativeMethodAccessorImpl.java:62)
	at sun.reflect.DelegatingMethodAccessorImpl.invoke(DelegatingMethodAccessorImpl.java:43)
	at java.lang.reflect.Method.invoke(Method.java:498)
	at org.testng.internal.MethodInvocationHelper.invokeMethod(MethodInvocationHelper.java:124)
	at org.testng.internal.MethodInvocationHelper.invokeMethodConsideringTimeout(MethodInvocationHelper.java:59)
	at org.testng.internal.Invoker.invokeConfigurationMethod(Invoker.java:458)
	at org.testng.internal.Invoker.invokeConfigurations(Invoker.java:222)
	at org.testng.internal.Invoker.invokeConfigurations(Invoker.java:142)
	at org.testng.TestRunner.beforeRun(TestRunner.java:529)
	at org.testng.TestRunner.run(TestRunner.java:497)
	at org.testng.SuiteRunner.runTest(SuiteRunner.java:455)
	at org.testng.SuiteRunner.runSequentially(SuiteRunner.java:450)
	at org.testng.SuiteRunner.privateRun(SuiteRunner.java:415)
	at org.testng.SuiteRunner.run(SuiteRunner.java:364)
	at org.testng.SuiteRunnerWorker.runSuite(SuiteRunnerWorker.java:52)
	at org.testng.SuiteRunnerWorker.run(SuiteRunnerWorker.java:84)
	at org.testng.TestNG.runSuitesSequentially(TestNG.java:1208)
	at org.testng.TestNG.runSuitesLocally(TestNG.java:1137)
	at org.testng.TestNG.runSuites(TestNG.java:1049)
	at org.testng.TestNG.run(TestNG.java:1017)
	at org.testng.remote.AbstractRemoteTestNG.run(AbstractRemoteTestNG.java:115)
	at org.testng.remote.RemoteTestNG.initAndRun(RemoteTestNG.java:251)
	at org.testng.remote.RemoteTestNG.main(RemoteTestNG.java:77)
</pre></div></td>
<td>0</td>
<td>parallel.EdgeTest@25bbe1b6</td></tr>
</table><p>
</body>
</html>